#
# There is insufficient memory for the Java Runtime Environment to continue.
# Native memory allocation (malloc) failed to allocate 1656496 bytes for Chunk::new
# Possible reasons:
#   The system is out of physical RAM or swap space
#   The process is running with CompressedOops enabled, and the Java Heap may be blocking the growth of the native heap
# Possible solutions:
#   Reduce memory load on the system
#   Increase physical memory or swap space
#   Check if swap backing store is full
#   Decrease Java heap size (-Xmx/-Xms)
#   Decrease number of Java threads
#   Decrease Java thread stack sizes (-Xss)
#   Set larger code cache with -XX:ReservedCodeCacheSize=
#   JVM is running with Unscaled Compressed Oops mode in which the Java heap is
#     placed in the first 4GB address space. The Java Heap base address is the
#     maximum limit for the native heap growth. Please use -XX:HeapBaseMinAddress
#     to set the Java Heap base and to place the Java Heap above 4GB virtual address.
# This output file may be truncated or incomplete.
#
#  Out of Memory Error (arena.cpp:168), pid=2844, tid=24488
#
# JRE version: Java(TM) SE Runtime Environment (21.0.8+12) (build 21.0.8+12-LTS-250)
# Java VM: Java HotSpot(TM) 64-Bit Server VM (21.0.8+12-LTS-250, mixed mode, sharing, tiered, compressed oops, compressed class ptrs, g1 gc, windows-amd64)
# No core dump will be written. Minidumps are not enabled by default on client versions of Windows
#

---------------  S U M M A R Y ------------

Command Line: -Dorg.gradle.internal.worker.tmpdir=C:\programmers\TeamProject-2\NBE8-10-2-Team05\backend\back\build\tmp\test\work -Xmx512m -Dfile.encoding=UTF-8 -Duser.country=KR -Duser.language=ko -Duser.variant -ea worker.org.gradle.process.internal.worker.GradleWorkerMain 'Gradle Test Executor 14'

Host: AMD Ryzen 5 4500U with Radeon Graphics         , 6 cores, 7G,  Windows 11 , 64 bit Build 26100 (10.0.26100.7623)
Time: Mon Jan 26 15:42:09 2026  Windows 11 , 64 bit Build 26100 (10.0.26100.7623) elapsed time: 50.847598 seconds (0d 0h 0m 50s)

---------------  T H R E A D  ---------------

Current thread (0x000001f1bbdae3b0):  JavaThread "C2 CompilerThread0" daemon [_thread_in_native, id=24488, stack(0x00000082db700000,0x00000082db800000) (1024K)]


Current CompileTask:
C2:  50847 9022   !   4       sun.reflect.annotation.AnnotationParser::parseAnnotations (37 bytes)

Stack: [0x00000082db700000,0x00000082db800000]
Native frames: (J=compiled Java code, j=interpreted, Vv=VM code, C=native code)
V  [jvm.dll+0x6cc179]
V  [jvm.dll+0x8584c1]
V  [jvm.dll+0x85a9ee]
V  [jvm.dll+0x85b0c3]
V  [jvm.dll+0x27ebf6]
V  [jvm.dll+0xc4f4d]
V  [jvm.dll+0xc5483]
V  [jvm.dll+0x3b6a82]
V  [jvm.dll+0x382a35]
V  [jvm.dll+0x381eaa]
V  [jvm.dll+0x247670]
V  [jvm.dll+0x246c4f]
V  [jvm.dll+0x1c7a3e]
V  [jvm.dll+0x256359]
V  [jvm.dll+0x2548ea]
V  [jvm.dll+0x3efef6]
V  [jvm.dll+0x80279b]
V  [jvm.dll+0x6ca85d]
C  [ucrtbase.dll+0x37b0]
C  [KERNEL32.DLL+0x2e8d7]
C  [ntdll.dll+0x8c53c]


---------------  P R O C E S S  ---------------

Threads class SMR info:
_java_thread_list=0x000001f18b16ff70, length=25, elements={
0x000001f1a163d5c0, 0x000001f1bbda1dd0, 0x000001f1bbda3350, 0x000001f1bbda86f0,
0x000001f1bbda8d50, 0x000001f1bbda93b0, 0x000001f1bbda9a10, 0x000001f1bbdae3b0,
0x000001f1bbdb8690, 0x000001f1fd1bf9f0, 0x000001f1fd1d44a0, 0x000001f1fe0fda30,
0x000001f1fe159d30, 0x000001f1fe15a390, 0x000001f1ff3b0960, 0x000001f185f08a30,
0x000001f185f090c0, 0x000001f185f0b820, 0x000001f185f09750, 0x000001f185f0b190,
0x000001f185f0ab00, 0x000001f185f0a470, 0x000001f185f0c540, 0x000001f185f0cbd0,
0x000001f1ffb73b60
}

Java Threads: ( => current thread )
  0x000001f1a163d5c0 JavaThread "Test worker"                       [_thread_in_Java, id=21964, stack(0x00000082da900000,0x00000082daa00000) (1024K)]
  0x000001f1bbda1dd0 JavaThread "Reference Handler"          daemon [_thread_blocked, id=9976, stack(0x00000082db100000,0x00000082db200000) (1024K)]
  0x000001f1bbda3350 JavaThread "Finalizer"                  daemon [_thread_blocked, id=24324, stack(0x00000082db200000,0x00000082db300000) (1024K)]
  0x000001f1bbda86f0 JavaThread "Signal Dispatcher"          daemon [_thread_blocked, id=11408, stack(0x00000082db300000,0x00000082db400000) (1024K)]
  0x000001f1bbda8d50 JavaThread "Attach Listener"            daemon [_thread_blocked, id=10776, stack(0x00000082db400000,0x00000082db500000) (1024K)]
  0x000001f1bbda93b0 JavaThread "Service Thread"             daemon [_thread_blocked, id=26048, stack(0x00000082db500000,0x00000082db600000) (1024K)]
  0x000001f1bbda9a10 JavaThread "Monitor Deflation Thread"   daemon [_thread_blocked, id=25684, stack(0x00000082db600000,0x00000082db700000) (1024K)]
=>0x000001f1bbdae3b0 JavaThread "C2 CompilerThread0"         daemon [_thread_in_native, id=24488, stack(0x00000082db700000,0x00000082db800000) (1024K)]
  0x000001f1bbdb8690 JavaThread "C1 CompilerThread0"         daemon [_thread_blocked, id=26244, stack(0x00000082db800000,0x00000082db900000) (1024K)]
  0x000001f1fd1bf9f0 JavaThread "Notification Thread"        daemon [_thread_blocked, id=5244, stack(0x00000082db900000,0x00000082dba00000) (1024K)]
  0x000001f1fd1d44a0 JavaThread "Common-Cleaner"             daemon [_thread_blocked, id=708, stack(0x00000082dba00000,0x00000082dbb00000) (1024K)]
  0x000001f1fe0fda30 JavaThread "/127.0.0.1:57953 to /127.0.0.1:57315 workers"        [_thread_blocked, id=11540, stack(0x00000082dc100000,0x00000082dc200000) (1024K)]
  0x000001f1fe159d30 JavaThread "/127.0.0.1:57953 to /127.0.0.1:57315 workers Thread 2"        [_thread_blocked, id=4464, stack(0x00000082dc300000,0x00000082dc400000) (1024K)]
  0x000001f1fe15a390 JavaThread "/127.0.0.1:57953 to /127.0.0.1:57315 workers Thread 3"        [_thread_in_native, id=17232, stack(0x00000082dc400000,0x00000082dc500000) (1024K)]
  0x000001f1ff3b0960 JavaThread "HikariPool-1:housekeeper"   daemon [_thread_blocked, id=10224, stack(0x00000082da700000,0x00000082da800000) (1024K)]
  0x000001f185f08a30 JavaThread "pool-2-thread-1"                   [_thread_in_native, id=10084, stack(0x00000082dc200000,0x00000082dc300000) (1024K)]
  0x000001f185f090c0 JavaThread "I/O dispatcher 1"                  [_thread_in_native, id=23004, stack(0x00000082dc600000,0x00000082dc700000) (1024K)]
  0x000001f185f0b820 JavaThread "I/O dispatcher 2"                  [_thread_in_native, id=20640, stack(0x00000082dc700000,0x00000082dc800000) (1024K)]
  0x000001f185f09750 JavaThread "I/O dispatcher 3"                  [_thread_in_native, id=7180, stack(0x00000082dc800000,0x00000082dc900000) (1024K)]
  0x000001f185f0b190 JavaThread "I/O dispatcher 4"                  [_thread_in_native, id=17700, stack(0x00000082dc900000,0x00000082dca00000) (1024K)]
  0x000001f185f0ab00 JavaThread "I/O dispatcher 5"                  [_thread_in_native, id=14208, stack(0x00000082dca00000,0x00000082dcb00000) (1024K)]
  0x000001f185f0a470 JavaThread "I/O dispatcher 6"                  [_thread_in_native, id=24892, stack(0x00000082dcb00000,0x00000082dcc00000) (1024K)]
  0x000001f185f0c540 JavaThread "Jndi-Dns-address-change-listener" daemon [_thread_in_native, id=23584, stack(0x00000082dcc00000,0x00000082dcd00000) (1024K)]
  0x000001f185f0cbd0 JavaThread "lettuce-timer-3-1"          daemon [_thread_blocked, id=26236, stack(0x00000082dcd00000,0x00000082dce00000) (1024K)]
  0x000001f1ffb73b60 JavaThread "C2 CompilerThread1"         daemon [_thread_in_native, id=20180, stack(0x00000082dce00000,0x00000082dcf00000) (1024K)]
Total: 25

Other Threads:
  0x000001f1bbd892d0 VMThread "VM Thread"                           [id=21116, stack(0x00000082db000000,0x00000082db100000) (1024K)]
  0x000001f1bbd7abc0 WatcherThread "VM Periodic Task Thread"        [id=6872, stack(0x00000082daf00000,0x00000082db000000) (1024K)]
  0x000001f1a166aed0 WorkerThread "GC Thread#0"                     [id=24180, stack(0x00000082daa00000,0x00000082dab00000) (1024K)]
  0x000001f1fdf29030 WorkerThread "GC Thread#1"                     [id=12120, stack(0x00000082dbc00000,0x00000082dbd00000) (1024K)]
  0x000001f1fd7600d0 WorkerThread "GC Thread#2"                     [id=10216, stack(0x00000082dbd00000,0x00000082dbe00000) (1024K)]
  0x000001f1fe0f2910 WorkerThread "GC Thread#3"                     [id=10568, stack(0x00000082dbe00000,0x00000082dbf00000) (1024K)]
  0x000001f1fdf293d0 WorkerThread "GC Thread#4"                     [id=10648, stack(0x00000082dbf00000,0x00000082dc000000) (1024K)]
  0x000001f1fdf29770 WorkerThread "GC Thread#5"                     [id=20016, stack(0x00000082dc000000,0x00000082dc100000) (1024K)]
  0x000001f1a166ff30 ConcurrentGCThread "G1 Main Marker"            [id=23888, stack(0x00000082dab00000,0x00000082dac00000) (1024K)]
  0x000001f1a1670a30 WorkerThread "G1 Conc#0"                       [id=14444, stack(0x00000082dac00000,0x00000082dad00000) (1024K)]
  0x000001f1fe482be0 WorkerThread "G1 Conc#1"                       [id=21640, stack(0x00000082dc500000,0x00000082dc600000) (1024K)]
  0x000001f1a16ee5e0 ConcurrentGCThread "G1 Refine#0"               [id=23820, stack(0x00000082dad00000,0x00000082dae00000) (1024K)]
  0x000001f1bbc46970 ConcurrentGCThread "G1 Service"                [id=14448, stack(0x00000082dae00000,0x00000082daf00000) (1024K)]
Total: 13

Threads with active compile tasks:
C2 CompilerThread0    50889 9022   !   4       sun.reflect.annotation.AnnotationParser::parseAnnotations (37 bytes)
C2 CompilerThread1    50889 9057   !   4       org.springframework.core.annotation.AnnotationUtils::invokeAnnotationMethod (38 bytes)
Total: 2

VM state: not at safepoint (normal execution)

VM Mutex/Monitor currently owned by a thread: None

Heap address: 0x00000000e0000000, size: 512 MB, Compressed Oops mode: 32-bit

CDS archive(s) mapped at: [0x000001f1bc000000-0x000001f1bcc90000-0x000001f1bcc90000), size 13172736, SharedBaseAddress: 0x000001f1bc000000, ArchiveRelocationMode: 1.
Compressed class space mapped at: 0x000001f1bd000000-0x000001f1fd000000, reserved size: 1073741824
Narrow klass base: 0x000001f1bc000000, Narrow klass shift: 0, Narrow klass range: 0x100000000

GC Precious Log:
 CardTable entry size: 512
 Card Set container configuration: InlinePtr #cards 5 size 8 Array Of Cards #cards 12 size 40 Howl #buckets 4 coarsen threshold 1843 Howl Bitmap #cards 512 size 80 coarsen threshold 460 Card regions per heap region 1 cards per card region 2048
 CPUs: 6 total, 6 available
 Memory: 7549M
 Large Page Support: Disabled
 NUMA Support: Disabled
 Compressed Oops: Enabled (32-bit)
 Heap Region Size: 1M
 Heap Min Capacity: 8M
 Heap Initial Capacity: 118M
 Heap Max Capacity: 512M
 Pre-touch: Disabled
 Parallel Workers: 6
 Concurrent Workers: 2
 Concurrent Refinement Workers: 6
 Periodic GC: Disabled

Heap:
 garbage-first heap   total 92160K, used 67770K [0x00000000e0000000, 0x0000000100000000)
  region size 1024K, 18 young (18432K), 3 survivors (3072K)
 Metaspace       used 109925K, committed 110720K, reserved 1179648K
  class space    used 15037K, committed 15360K, reserved 1048576K

Heap Regions: E=young(eden), S=young(survivor), O=old, HS=humongous(starts), HC=humongous(continues), CS=collection set, F=free, TAMS=top-at-mark-start, PB=parsable bottom
|   0|0x00000000e0000000, 0x00000000e0100000, 0x00000000e0100000|100%|HS|  |TAMS 0x00000000e0000000| PB 0x00000000e0000000| Complete 
|   1|0x00000000e0100000, 0x00000000e0200000, 0x00000000e0200000|100%|HS|  |TAMS 0x00000000e0100000| PB 0x00000000e0100000| Complete 
|   2|0x00000000e0200000, 0x00000000e0300000, 0x00000000e0300000|100%|HS|  |TAMS 0x00000000e0200000| PB 0x00000000e0200000| Complete 
|   3|0x00000000e0300000, 0x00000000e0400000, 0x00000000e0400000|100%| O|  |TAMS 0x00000000e0300000| PB 0x00000000e0300000| Untracked 
|   4|0x00000000e0400000, 0x00000000e0500000, 0x00000000e0500000|100%| O|  |TAMS 0x00000000e0400000| PB 0x00000000e0400000| Untracked 
|   5|0x00000000e0500000, 0x00000000e0600000, 0x00000000e0600000|100%| O|  |TAMS 0x00000000e0500000| PB 0x00000000e0500000| Untracked 
|   6|0x00000000e0600000, 0x00000000e0700000, 0x00000000e0700000|100%| O|  |TAMS 0x00000000e0600000| PB 0x00000000e0600000| Untracked 
|   7|0x00000000e0700000, 0x00000000e0800000, 0x00000000e0800000|100%| O|  |TAMS 0x00000000e0700000| PB 0x00000000e0700000| Untracked 
|   8|0x00000000e0800000, 0x00000000e0900000, 0x00000000e0900000|100%| O|  |TAMS 0x00000000e0800000| PB 0x00000000e0800000| Untracked 
|   9|0x00000000e0900000, 0x00000000e0a00000, 0x00000000e0a00000|100%| O|  |TAMS 0x00000000e0900000| PB 0x00000000e0900000| Untracked 
|  10|0x00000000e0a00000, 0x00000000e0b00000, 0x00000000e0b00000|100%| O|  |TAMS 0x00000000e0a00000| PB 0x00000000e0a00000| Untracked 
|  11|0x00000000e0b00000, 0x00000000e0c00000, 0x00000000e0c00000|100%| O|  |TAMS 0x00000000e0b00000| PB 0x00000000e0b00000| Untracked 
|  12|0x00000000e0c00000, 0x00000000e0d00000, 0x00000000e0d00000|100%| O|  |TAMS 0x00000000e0c00000| PB 0x00000000e0c00000| Untracked 
|  13|0x00000000e0d00000, 0x00000000e0e00000, 0x00000000e0e00000|100%| O|  |TAMS 0x00000000e0d00000| PB 0x00000000e0d00000| Untracked 
|  14|0x00000000e0e00000, 0x00000000e0f00000, 0x00000000e0f00000|100%| O|  |TAMS 0x00000000e0e00000| PB 0x00000000e0e00000| Untracked 
|  15|0x00000000e0f00000, 0x00000000e1000000, 0x00000000e1000000|100%| O|  |TAMS 0x00000000e0f00000| PB 0x00000000e0f00000| Untracked 
|  16|0x00000000e1000000, 0x00000000e1100000, 0x00000000e1100000|100%| O|  |TAMS 0x00000000e1000000| PB 0x00000000e1000000| Untracked 
|  17|0x00000000e1100000, 0x00000000e1200000, 0x00000000e1200000|100%| O|  |TAMS 0x00000000e1100000| PB 0x00000000e1100000| Untracked 
|  18|0x00000000e1200000, 0x00000000e1300000, 0x00000000e1300000|100%| O|  |TAMS 0x00000000e1200000| PB 0x00000000e1200000| Untracked 
|  19|0x00000000e1300000, 0x00000000e1400000, 0x00000000e1400000|100%| O|  |TAMS 0x00000000e1300000| PB 0x00000000e1300000| Untracked 
|  20|0x00000000e1400000, 0x00000000e1500000, 0x00000000e1500000|100%| O|  |TAMS 0x00000000e1400000| PB 0x00000000e1400000| Untracked 
|  21|0x00000000e1500000, 0x00000000e1600000, 0x00000000e1600000|100%| O|  |TAMS 0x00000000e1500000| PB 0x00000000e1500000| Untracked 
|  22|0x00000000e1600000, 0x00000000e1700000, 0x00000000e1700000|100%| O|  |TAMS 0x00000000e1600000| PB 0x00000000e1600000| Untracked 
|  23|0x00000000e1700000, 0x00000000e1800000, 0x00000000e1800000|100%| O|  |TAMS 0x00000000e1700000| PB 0x00000000e1700000| Untracked 
|  24|0x00000000e1800000, 0x00000000e1900000, 0x00000000e1900000|100%| O|  |TAMS 0x00000000e1800000| PB 0x00000000e1800000| Untracked 
|  25|0x00000000e1900000, 0x00000000e1a00000, 0x00000000e1a00000|100%| O|  |TAMS 0x00000000e1900000| PB 0x00000000e1900000| Untracked 
|  26|0x00000000e1a00000, 0x00000000e1b00000, 0x00000000e1b00000|100%| O|  |TAMS 0x00000000e1a00000| PB 0x00000000e1a00000| Untracked 
|  27|0x00000000e1b00000, 0x00000000e1c00000, 0x00000000e1c00000|100%| O|  |TAMS 0x00000000e1b00000| PB 0x00000000e1b00000| Untracked 
|  28|0x00000000e1c00000, 0x00000000e1d00000, 0x00000000e1d00000|100%| O|  |TAMS 0x00000000e1c00000| PB 0x00000000e1c00000| Untracked 
|  29|0x00000000e1d00000, 0x00000000e1e00000, 0x00000000e1e00000|100%| O|  |TAMS 0x00000000e1d00000| PB 0x00000000e1d00000| Untracked 
|  30|0x00000000e1e00000, 0x00000000e1f00000, 0x00000000e1f00000|100%| O|  |TAMS 0x00000000e1e00000| PB 0x00000000e1e00000| Untracked 
|  31|0x00000000e1f00000, 0x00000000e2000000, 0x00000000e2000000|100%| O|  |TAMS 0x00000000e1f00000| PB 0x00000000e1f00000| Untracked 
|  32|0x00000000e2000000, 0x00000000e2100000, 0x00000000e2100000|100%| O|  |TAMS 0x00000000e2000000| PB 0x00000000e2000000| Untracked 
|  33|0x00000000e2100000, 0x00000000e2200000, 0x00000000e2200000|100%| O|Cm|TAMS 0x00000000e2100000| PB 0x00000000e2100000| Complete 
|  34|0x00000000e2200000, 0x00000000e2300000, 0x00000000e2300000|100%| O|  |TAMS 0x00000000e2200000| PB 0x00000000e2200000| Untracked 
|  35|0x00000000e2300000, 0x00000000e2400000, 0x00000000e2400000|100%| O|  |TAMS 0x00000000e2300000| PB 0x00000000e2300000| Untracked 
|  36|0x00000000e2400000, 0x00000000e2500000, 0x00000000e2500000|100%| O|  |TAMS 0x00000000e2400000| PB 0x00000000e2400000| Untracked 
|  37|0x00000000e2500000, 0x00000000e2600000, 0x00000000e2600000|100%| O|  |TAMS 0x00000000e2500000| PB 0x00000000e2500000| Untracked 
|  38|0x00000000e2600000, 0x00000000e2700000, 0x00000000e2700000|100%| O|  |TAMS 0x00000000e2600000| PB 0x00000000e2600000| Untracked 
|  39|0x00000000e2700000, 0x00000000e2800000, 0x00000000e2800000|100%| O|  |TAMS 0x00000000e2700000| PB 0x00000000e2700000| Untracked 
|  40|0x00000000e2800000, 0x00000000e2900000, 0x00000000e2900000|100%| O|  |TAMS 0x00000000e2800000| PB 0x00000000e2800000| Untracked 
|  41|0x00000000e2900000, 0x00000000e2a00000, 0x00000000e2a00000|100%| O|  |TAMS 0x00000000e2900000| PB 0x00000000e2900000| Untracked 
|  42|0x00000000e2a00000, 0x00000000e2b00000, 0x00000000e2b00000|100%| O|Cm|TAMS 0x00000000e2a00000| PB 0x00000000e2a00000| Complete 
|  43|0x00000000e2b00000, 0x00000000e2c00000, 0x00000000e2c00000|100%| O|  |TAMS 0x00000000e2b00000| PB 0x00000000e2b00000| Untracked 
|  44|0x00000000e2c00000, 0x00000000e2d00000, 0x00000000e2d00000|100%| O|  |TAMS 0x00000000e2c00000| PB 0x00000000e2c00000| Untracked 
|  45|0x00000000e2d00000, 0x00000000e2e00000, 0x00000000e2e00000|100%| O|  |TAMS 0x00000000e2d00000| PB 0x00000000e2d00000| Untracked 
|  46|0x00000000e2e00000, 0x00000000e2f00000, 0x00000000e2f00000|100%| O|  |TAMS 0x00000000e2e00000| PB 0x00000000e2e00000| Untracked 
|  47|0x00000000e2f00000, 0x00000000e3000000, 0x00000000e3000000|100%| O|  |TAMS 0x00000000e2f00000| PB 0x00000000e2f00000| Untracked 
|  48|0x00000000e3000000, 0x00000000e3100000, 0x00000000e3100000|100%| O|  |TAMS 0x00000000e3000000| PB 0x00000000e3000000| Untracked 
|  49|0x00000000e3100000, 0x00000000e31a4340, 0x00000000e3200000| 64%| O|  |TAMS 0x00000000e3100000| PB 0x00000000e3100000| Untracked 
|  50|0x00000000e3200000, 0x00000000e3200000, 0x00000000e3300000|  0%| F|  |TAMS 0x00000000e3200000| PB 0x00000000e3200000| Untracked 
|  51|0x00000000e3300000, 0x00000000e3300000, 0x00000000e3400000|  0%| F|  |TAMS 0x00000000e3300000| PB 0x00000000e3300000| Untracked 
|  52|0x00000000e3400000, 0x00000000e3400000, 0x00000000e3500000|  0%| F|  |TAMS 0x00000000e3400000| PB 0x00000000e3400000| Untracked 
|  53|0x00000000e3500000, 0x00000000e3500000, 0x00000000e3600000|  0%| F|  |TAMS 0x00000000e3500000| PB 0x00000000e3500000| Untracked 
|  54|0x00000000e3600000, 0x00000000e3600000, 0x00000000e3700000|  0%| F|  |TAMS 0x00000000e3600000| PB 0x00000000e3600000| Untracked 
|  55|0x00000000e3700000, 0x00000000e3700000, 0x00000000e3800000|  0%| F|  |TAMS 0x00000000e3700000| PB 0x00000000e3700000| Untracked 
|  56|0x00000000e3800000, 0x00000000e3800000, 0x00000000e3900000|  0%| F|  |TAMS 0x00000000e3800000| PB 0x00000000e3800000| Untracked 
|  57|0x00000000e3900000, 0x00000000e3900000, 0x00000000e3a00000|  0%| F|  |TAMS 0x00000000e3900000| PB 0x00000000e3900000| Untracked 
|  58|0x00000000e3a00000, 0x00000000e3a00000, 0x00000000e3b00000|  0%| F|  |TAMS 0x00000000e3a00000| PB 0x00000000e3a00000| Untracked 
|  59|0x00000000e3b00000, 0x00000000e3b00000, 0x00000000e3c00000|  0%| F|  |TAMS 0x00000000e3b00000| PB 0x00000000e3b00000| Untracked 
|  60|0x00000000e3c00000, 0x00000000e3c00000, 0x00000000e3d00000|  0%| F|  |TAMS 0x00000000e3c00000| PB 0x00000000e3c00000| Untracked 
|  61|0x00000000e3d00000, 0x00000000e3d00000, 0x00000000e3e00000|  0%| F|  |TAMS 0x00000000e3d00000| PB 0x00000000e3d00000| Untracked 
|  62|0x00000000e3e00000, 0x00000000e3e00000, 0x00000000e3f00000|  0%| F|  |TAMS 0x00000000e3e00000| PB 0x00000000e3e00000| Untracked 
|  63|0x00000000e3f00000, 0x00000000e3f00000, 0x00000000e4000000|  0%| F|  |TAMS 0x00000000e3f00000| PB 0x00000000e3f00000| Untracked 
|  64|0x00000000e4000000, 0x00000000e4000000, 0x00000000e4100000|  0%| F|  |TAMS 0x00000000e4000000| PB 0x00000000e4000000| Untracked 
|  65|0x00000000e4100000, 0x00000000e4100000, 0x00000000e4200000|  0%| F|  |TAMS 0x00000000e4100000| PB 0x00000000e4100000| Untracked 
|  66|0x00000000e4200000, 0x00000000e4200000, 0x00000000e4300000|  0%| F|  |TAMS 0x00000000e4200000| PB 0x00000000e4200000| Untracked 
|  67|0x00000000e4300000, 0x00000000e4300000, 0x00000000e4400000|  0%| F|  |TAMS 0x00000000e4300000| PB 0x00000000e4300000| Untracked 
|  68|0x00000000e4400000, 0x00000000e4400000, 0x00000000e4500000|  0%| F|  |TAMS 0x00000000e4400000| PB 0x00000000e4400000| Untracked 
|  69|0x00000000e4500000, 0x00000000e458a7e0, 0x00000000e4600000| 54%| S|CS|TAMS 0x00000000e4500000| PB 0x00000000e4500000| Complete 
|  70|0x00000000e4600000, 0x00000000e4700000, 0x00000000e4700000|100%| S|CS|TAMS 0x00000000e4600000| PB 0x00000000e4600000| Complete 
|  71|0x00000000e4700000, 0x00000000e4800000, 0x00000000e4800000|100%| S|CS|TAMS 0x00000000e4700000| PB 0x00000000e4700000| Complete 
|  72|0x00000000e4800000, 0x00000000e4800000, 0x00000000e4900000|  0%| F|  |TAMS 0x00000000e4800000| PB 0x00000000e4800000| Untracked 
|  73|0x00000000e4900000, 0x00000000e4900000, 0x00000000e4a00000|  0%| F|  |TAMS 0x00000000e4900000| PB 0x00000000e4900000| Untracked 
|  74|0x00000000e4a00000, 0x00000000e4a00000, 0x00000000e4b00000|  0%| F|  |TAMS 0x00000000e4a00000| PB 0x00000000e4a00000| Untracked 
|  75|0x00000000e4b00000, 0x00000000e4bbf0e8, 0x00000000e4c00000| 74%| E|  |TAMS 0x00000000e4b00000| PB 0x00000000e4b00000| Complete 
|  76|0x00000000e4c00000, 0x00000000e4d00000, 0x00000000e4d00000|100%| E|CS|TAMS 0x00000000e4c00000| PB 0x00000000e4c00000| Complete 
|  77|0x00000000e4d00000, 0x00000000e4e00000, 0x00000000e4e00000|100%| E|CS|TAMS 0x00000000e4d00000| PB 0x00000000e4d00000| Complete 
|  78|0x00000000e4e00000, 0x00000000e4f00000, 0x00000000e4f00000|100%| E|CS|TAMS 0x00000000e4e00000| PB 0x00000000e4e00000| Complete 
|  79|0x00000000e4f00000, 0x00000000e5000000, 0x00000000e5000000|100%| E|CS|TAMS 0x00000000e4f00000| PB 0x00000000e4f00000| Complete 
|  80|0x00000000e5000000, 0x00000000e5100000, 0x00000000e5100000|100%| E|CS|TAMS 0x00000000e5000000| PB 0x00000000e5000000| Complete 
|  81|0x00000000e5100000, 0x00000000e5200000, 0x00000000e5200000|100%| E|CS|TAMS 0x00000000e5100000| PB 0x00000000e5100000| Complete 
|  84|0x00000000e5400000, 0x00000000e5500000, 0x00000000e5500000|100%| E|CS|TAMS 0x00000000e5400000| PB 0x00000000e5400000| Complete 
|  85|0x00000000e5500000, 0x00000000e5600000, 0x00000000e5600000|100%| E|CS|TAMS 0x00000000e5500000| PB 0x00000000e5500000| Complete 
|  86|0x00000000e5600000, 0x00000000e5700000, 0x00000000e5700000|100%| E|CS|TAMS 0x00000000e5600000| PB 0x00000000e5600000| Complete 
|  87|0x00000000e5700000, 0x00000000e5800000, 0x00000000e5800000|100%| E|CS|TAMS 0x00000000e5700000| PB 0x00000000e5700000| Complete 
|  88|0x00000000e5800000, 0x00000000e5900000, 0x00000000e5900000|100%| E|CS|TAMS 0x00000000e5800000| PB 0x00000000e5800000| Complete 
|  89|0x00000000e5900000, 0x00000000e5a00000, 0x00000000e5a00000|100%| E|CS|TAMS 0x00000000e5900000| PB 0x00000000e5900000| Complete 
| 116|0x00000000e7400000, 0x00000000e7500000, 0x00000000e7500000|100%| E|CS|TAMS 0x00000000e7400000| PB 0x00000000e7400000| Complete 
| 117|0x00000000e7500000, 0x00000000e7600000, 0x00000000e7600000|100%| E|CS|TAMS 0x00000000e7500000| PB 0x00000000e7500000| Complete 

Card table byte_map: [0x000001f1b8cd0000,0x000001f1b8dd0000] _byte_map_base: 0x000001f1b85d0000

Marking Bits: (CMBitMap*) 0x000001f1a166b5d0
 Bits: [0x000001f1b8dd0000, 0x000001f1b95d0000)

Polling page: 0x000001f19f2d0000

Metaspace:

Usage:
  Non-class:     92.66 MB used.
      Class:     14.69 MB used.
       Both:    107.35 MB used.

Virtual space:
  Non-class space:      128.00 MB reserved,      93.12 MB ( 73%) committed,  2 nodes.
      Class space:        1.00 GB reserved,      15.00 MB (  1%) committed,  1 nodes.
             Both:        1.12 GB reserved,     108.12 MB (  9%) committed. 

Chunk freelists:
   Non-Class:  1.98 MB
       Class:  1.00 MB
        Both:  2.98 MB

MaxMetaspaceSize: unlimited
CompressedClassSpaceSize: 1.00 GB
Initial GC threshold: 21.00 MB
Current GC threshold: 175.25 MB
CDS: on
 - commit_granule_bytes: 65536.
 - commit_granule_words: 8192.
 - virtual_space_node_default_size: 8388608.
 - enlarge_chunks_in_place: 1.
 - use_allocation_guard: 0.


Internal statistics:

num_allocs_failed_limit: 9.
num_arena_births: 1158.
num_arena_deaths: 0.
num_vsnodes_births: 3.
num_vsnodes_deaths: 0.
num_space_committed: 1730.
num_space_uncommitted: 0.
num_chunks_returned_to_freelist: 9.
num_chunks_taken_from_freelist: 5107.
num_chunk_merges: 9.
num_chunk_splits: 3864.
num_chunks_enlarged: 3154.
num_inconsistent_stats: 0.

CodeHeap 'non-profiled nmethods': size=120000Kb used=5511Kb max_used=5511Kb free=114488Kb
 bounds [0x000001f1b1590000, 0x000001f1b1b00000, 0x000001f1b8ac0000]
CodeHeap 'profiled nmethods': size=120000Kb used=13988Kb max_used=13988Kb free=106011Kb
 bounds [0x000001f1a9ac0000, 0x000001f1aa880000, 0x000001f1b0ff0000]
CodeHeap 'non-nmethods': size=5760Kb used=1792Kb max_used=1854Kb free=3967Kb
 bounds [0x000001f1b0ff0000, 0x000001f1b1260000, 0x000001f1b1590000]
 total_blobs=8264 nmethods=7459 adapters=708
 compilation: enabled
              stopped_count=0, restarted_count=0
 full_count=0

Compilation events (20 events):
Event: 50.727 Thread 0x000001f1bbdb8690 9037       1       org.springframework.beans.factory.support.ConstructorResolver$ConstructorDependencyDescriptor::setShortcut (6 bytes)
Event: 50.727 Thread 0x000001f1bbdb8690 nmethod 9037 0x000001f1b1ae6510 code [0x000001f1b1ae66a0, 0x000001f1b1ae67b8]
Event: 50.727 Thread 0x000001f1bbdb8690 9038       3       java.lang.invoke.LambdaForm$Name::<init> (99 bytes)
Event: 50.727 Thread 0x000001f1bbdb8690 nmethod 9038 0x000001f1aa7a8210 code [0x000001f1aa7a83c0, 0x000001f1aa7a86d0]
Event: 50.728 Thread 0x000001f1bbdb8690 9039       3       java.lang.invoke.LambdaForm$Name::cloneWithIndex (47 bytes)
Event: 50.728 Thread 0x000001f1bbdb8690 nmethod 9039 0x000001f1a9f99510 code [0x000001f1a9f99700, 0x000001f1a9f99c68]
Event: 50.749 Thread 0x000001f1ffb73b60 nmethod 9036% 0x000001f1b1ae6810 code [0x000001f1b1ae6ac0, 0x000001f1b1ae8ab8]
Event: 50.750 Thread 0x000001f1ffb73b60 9024   !   4       org.springframework.beans.factory.support.FactoryBeanRegistrySupport::getTypeForFactoryBean (22 bytes)
Event: 50.750 Thread 0x000001f1ffb73b60 nmethod 9024 0x000001f1b1ae9710 code [0x000001f1b1ae98a0, 0x000001f1b1ae9988]
Event: 50.751 Thread 0x000001f1ffb73b60 9025       4       java.util.stream.SortedOps$RefSortingSink::<init> (7 bytes)
Event: 50.752 Thread 0x000001f1ffb73b60 nmethod 9025 0x000001f1b1ae9a90 code [0x000001f1b1ae9c20, 0x000001f1b1ae9ef8]
Event: 50.765 Thread 0x000001f1ffb73b60 9040       4       org.springframework.beans.factory.annotation.InitDestroyAnnotationBeanPostProcessor$$Lambda/0x000001f1bd6061c8::doWith (21 bytes)
Event: 50.767 Thread 0x000001f1bbdb8690 9041       3       org.springframework.beans.factory.support.AbstractBeanFactory::isTypeMatch (776 bytes)
Event: 50.772 Thread 0x000001f1bbdb8690 nmethod 9041 0x000001f1aa870610 code [0x000001f1aa870f40, 0x000001f1aa877f28]
Event: 50.824 Thread 0x000001f1bbdb8690 9043       1       org.springframework.web.util.pattern.PathPatternParser::getPathOptions (5 bytes)
Event: 50.824 Thread 0x000001f1bbdb8690 nmethod 9043 0x000001f1b1aea010 code [0x000001f1b1aea1a0, 0x000001f1b1aea268]
Event: 50.834 Thread 0x000001f1bbdb8690 9044       1       org.springframework.http.server.PathContainer$Options::separator (5 bytes)
Event: 50.834 Thread 0x000001f1bbdb8690 nmethod 9044 0x000001f1b1aea310 code [0x000001f1b1aea4a0, 0x000001f1b1aea570]
Event: 50.841 Thread 0x000001f1ffb73b60 nmethod 9040 0x000001f1b1aea610 code [0x000001f1b1aeaaa0, 0x000001f1b1aed348]
Event: 50.842 Thread 0x000001f1ffb73b60 9045       4       java.lang.StringLatin1::lastIndexOf (40 bytes)

GC Heap History (20 events):
Event: 40.923 GC heap before
{Heap before GC invocations=19 (full 0):
 garbage-first heap   total 71680K, used 64880K [0x00000000e0000000, 0x0000000100000000)
  region size 1024K, 29 young (29696K), 2 survivors (2048K)
 Metaspace       used 82080K, committed 82816K, reserved 1179648K
  class space    used 11170K, committed 11520K, reserved 1048576K
}
Event: 40.928 GC heap after
{Heap after GC invocations=20 (full 0):
 garbage-first heap   total 71680K, used 39772K [0x00000000e0000000, 0x0000000100000000)
  region size 1024K, 4 young (4096K), 4 survivors (4096K)
 Metaspace       used 82080K, committed 82816K, reserved 1179648K
  class space    used 11170K, committed 11520K, reserved 1048576K
}
Event: 41.765 GC heap before
{Heap before GC invocations=20 (full 0):
 garbage-first heap   total 71680K, used 62300K [0x00000000e0000000, 0x0000000100000000)
  region size 1024K, 27 young (27648K), 4 survivors (4096K)
 Metaspace       used 85652K, committed 86400K, reserved 1179648K
  class space    used 11638K, committed 11968K, reserved 1048576K
}
Event: 41.772 GC heap after
{Heap after GC invocations=21 (full 0):
 garbage-first heap   total 71680K, used 41102K [0x00000000e0000000, 0x0000000100000000)
  region size 1024K, 2 young (2048K), 2 survivors (2048K)
 Metaspace       used 85652K, committed 86400K, reserved 1179648K
  class space    used 11638K, committed 11968K, reserved 1048576K
}
Event: 42.186 GC heap before
{Heap before GC invocations=21 (full 0):
 garbage-first heap   total 71680K, used 63630K [0x00000000e0000000, 0x0000000100000000)
  region size 1024K, 25 young (25600K), 2 survivors (2048K)
 Metaspace       used 87510K, committed 88256K, reserved 1179648K
  class space    used 11999K, committed 12352K, reserved 1048576K
}
Event: 42.190 GC heap after
{Heap after GC invocations=22 (full 0):
 garbage-first heap   total 71680K, used 42487K [0x00000000e0000000, 0x0000000100000000)
  region size 1024K, 3 young (3072K), 3 survivors (3072K)
 Metaspace       used 87510K, committed 88256K, reserved 1179648K
  class space    used 11999K, committed 12352K, reserved 1048576K
}
Event: 42.663 GC heap before
{Heap before GC invocations=23 (full 0):
 garbage-first heap   total 73728K, used 61943K [0x00000000e0000000, 0x0000000100000000)
  region size 1024K, 23 young (23552K), 3 survivors (3072K)
 Metaspace       used 91274K, committed 92032K, reserved 1179648K
  class space    used 12749K, committed 13120K, reserved 1048576K
}
Event: 42.667 GC heap after
{Heap after GC invocations=24 (full 0):
 garbage-first heap   total 73728K, used 43944K [0x00000000e0000000, 0x0000000100000000)
  region size 1024K, 3 young (3072K), 3 survivors (3072K)
 Metaspace       used 91274K, committed 92032K, reserved 1179648K
  class space    used 12749K, committed 13120K, reserved 1048576K
}
Event: 43.423 GC heap before
{Heap before GC invocations=24 (full 0):
 garbage-first heap   total 73728K, used 65448K [0x00000000e0000000, 0x0000000100000000)
  region size 1024K, 24 young (24576K), 3 survivors (3072K)
 Metaspace       used 94728K, committed 95488K, reserved 1179648K
  class space    used 13120K, committed 13440K, reserved 1048576K
}
Event: 43.432 GC heap after
{Heap after GC invocations=25 (full 0):
 garbage-first heap   total 73728K, used 44527K [0x00000000e0000000, 0x0000000100000000)
  region size 1024K, 3 young (3072K), 3 survivors (3072K)
 Metaspace       used 94728K, committed 95488K, reserved 1179648K
  class space    used 13120K, committed 13440K, reserved 1048576K
}
Event: 44.801 GC heap before
{Heap before GC invocations=25 (full 0):
 garbage-first heap   total 73728K, used 63983K [0x00000000e0000000, 0x0000000100000000)
  region size 1024K, 23 young (23552K), 3 survivors (3072K)
 Metaspace       used 97575K, committed 98304K, reserved 1179648K
  class space    used 13401K, committed 13696K, reserved 1048576K
}
Event: 44.807 GC heap after
{Heap after GC invocations=26 (full 0):
 garbage-first heap   total 73728K, used 47626K [0x00000000e0000000, 0x0000000100000000)
  region size 1024K, 3 young (3072K), 3 survivors (3072K)
 Metaspace       used 97575K, committed 98304K, reserved 1179648K
  class space    used 13401K, committed 13696K, reserved 1048576K
}
Event: 45.887 GC heap before
{Heap before GC invocations=27 (full 0):
 garbage-first heap   total 81920K, used 65034K [0x00000000e0000000, 0x0000000100000000)
  region size 1024K, 21 young (21504K), 3 survivors (3072K)
 Metaspace       used 100788K, committed 101568K, reserved 1179648K
  class space    used 13778K, committed 14144K, reserved 1048576K
}
Event: 45.892 GC heap after
{Heap after GC invocations=28 (full 0):
 garbage-first heap   total 81920K, used 49608K [0x00000000e0000000, 0x0000000100000000)
  region size 1024K, 3 young (3072K), 3 survivors (3072K)
 Metaspace       used 100788K, committed 101568K, reserved 1179648K
  class space    used 13778K, committed 14144K, reserved 1048576K
}
Event: 47.883 GC heap before
{Heap before GC invocations=28 (full 0):
 garbage-first heap   total 81920K, used 72136K [0x00000000e0000000, 0x0000000100000000)
  region size 1024K, 25 young (25600K), 3 survivors (3072K)
 Metaspace       used 105235K, committed 105984K, reserved 1179648K
  class space    used 14348K, committed 14656K, reserved 1048576K
}
Event: 47.888 GC heap after
{Heap after GC invocations=29 (full 0):
 garbage-first heap   total 81920K, used 50787K [0x00000000e0000000, 0x0000000100000000)
  region size 1024K, 4 young (4096K), 4 survivors (4096K)
 Metaspace       used 105235K, committed 105984K, reserved 1179648K
  class space    used 14348K, committed 14656K, reserved 1048576K
}
Event: 48.617 GC heap before
{Heap before GC invocations=29 (full 0):
 garbage-first heap   total 81920K, used 72291K [0x00000000e0000000, 0x0000000100000000)
  region size 1024K, 25 young (25600K), 4 survivors (4096K)
 Metaspace       used 106881K, committed 107648K, reserved 1179648K
  class space    used 14576K, committed 14912K, reserved 1048576K
}
Event: 48.623 GC heap after
{Heap after GC invocations=30 (full 0):
 garbage-first heap   total 81920K, used 52550K [0x00000000e0000000, 0x0000000100000000)
  region size 1024K, 4 young (4096K), 4 survivors (4096K)
 Metaspace       used 106881K, committed 107648K, reserved 1179648K
  class space    used 14576K, committed 14912K, reserved 1048576K
}
Event: 50.119 GC heap before
{Heap before GC invocations=31 (full 0):
 garbage-first heap   total 92160K, used 70982K [0x00000000e0000000, 0x0000000100000000)
  region size 1024K, 22 young (22528K), 4 survivors (4096K)
 Metaspace       used 108646K, committed 109440K, reserved 1179648K
  class space    used 14843K, committed 15168K, reserved 1048576K
}
Event: 50.122 GC heap after
{Heap after GC invocations=32 (full 0):
 garbage-first heap   total 92160K, used 53434K [0x00000000e0000000, 0x0000000100000000)
  region size 1024K, 3 young (3072K), 3 survivors (3072K)
 Metaspace       used 108646K, committed 109440K, reserved 1179648K
  class space    used 14843K, committed 15168K, reserved 1048576K
}

Dll operation events (9 events):
Event: 0.021 Loaded shared library C:\Program Files\Java\jdk-21\bin\java.dll
Event: 0.172 Loaded shared library C:\Program Files\Java\jdk-21\bin\jsvml.dll
Event: 0.651 Loaded shared library C:\Program Files\Java\jdk-21\bin\net.dll
Event: 0.656 Loaded shared library C:\Program Files\Java\jdk-21\bin\nio.dll
Event: 0.665 Loaded shared library C:\Program Files\Java\jdk-21\bin\zip.dll
Event: 0.840 Loaded shared library C:\Program Files\Java\jdk-21\bin\jimage.dll
Event: 2.090 Loaded shared library C:\Program Files\Java\jdk-21\bin\extnet.dll
Event: 2.601 Loaded shared library C:\Program Files\Java\jdk-21\bin\sunmscapi.dll
Event: 2.703 Loaded shared library C:\Program Files\Java\jdk-21\bin\verify.dll

Deoptimization events (20 events):
Event: 50.616 Thread 0x000001f1a163d5c0 Uncommon trap: trap_request=0xffffffbe fr.pc=0x000001f1b1a99eac relative=0x0000000000000e2c
Event: 50.616 Thread 0x000001f1a163d5c0 Uncommon trap: reason=profile_predicate action=maybe_recompile pc=0x000001f1b1a99eac method=org.springframework.boot.context.properties.source.ConfigurationPropertyName$Elements.canShortcutWithSource(Lorg/springframework/boot/context/properties/source/Con
Event: 50.616 Thread 0x000001f1a163d5c0 DEOPT PACKING pc=0x000001f1b1a99eac sp=0x00000082da9f9ea0
Event: 50.616 Thread 0x000001f1a163d5c0 DEOPT UNPACKING pc=0x000001f1b10446a2 sp=0x00000082da9f9b78 mode 2
Event: 50.630 Thread 0x000001f1a163d5c0 Uncommon trap: trap_request=0xffffff45 fr.pc=0x000001f1b19abb90 relative=0x00000000000002d0
Event: 50.630 Thread 0x000001f1a163d5c0 Uncommon trap: reason=unstable_if action=reinterpret pc=0x000001f1b19abb90 method=java.util.stream.SortedOps$OfRef.opWrapSink(ILjava/util/stream/Sink;)Ljava/util/stream/Sink; @ 31 c2
Event: 50.630 Thread 0x000001f1a163d5c0 DEOPT PACKING pc=0x000001f1b19abb90 sp=0x00000082da9fa200
Event: 50.630 Thread 0x000001f1a163d5c0 DEOPT UNPACKING pc=0x000001f1b10446a2 sp=0x00000082da9fa1b8 mode 2
Event: 50.662 Thread 0x000001f1a163d5c0 Uncommon trap: trap_request=0xffffff6e fr.pc=0x000001f1b15b0d84 relative=0x0000000000000164
Event: 50.662 Thread 0x000001f1a163d5c0 Uncommon trap: reason=loop_limit_check action=maybe_recompile pc=0x000001f1b15b0d84 method=java.lang.StringLatin1.lastIndexOf([BII)I @ 19 c2
Event: 50.662 Thread 0x000001f1a163d5c0 DEOPT PACKING pc=0x000001f1b15b0d84 sp=0x00000082da9fa240
Event: 50.662 Thread 0x000001f1a163d5c0 DEOPT UNPACKING pc=0x000001f1b10446a2 sp=0x00000082da9fa1c0 mode 2
Event: 50.766 Thread 0x000001f1a163d5c0 Uncommon trap: trap_request=0xffffff45 fr.pc=0x000001f1b1a766a4 relative=0x0000000000005164
Event: 50.766 Thread 0x000001f1a163d5c0 Uncommon trap: reason=unstable_if action=reinterpret pc=0x000001f1b1a766a4 method=org.springframework.beans.factory.support.AbstractBeanFactory.isTypeMatch(Ljava/lang/String;Lorg/springframework/core/ResolvableType;Z)Z @ 35 c2
Event: 50.766 Thread 0x000001f1a163d5c0 DEOPT PACKING pc=0x000001f1b1a766a4 sp=0x00000082da9fa4d0
Event: 50.766 Thread 0x000001f1a163d5c0 DEOPT UNPACKING pc=0x000001f1b10446a2 sp=0x00000082da9fa4f0 mode 2
Event: 50.770 Thread 0x000001f1a163d5c0 Uncommon trap: trap_request=0xffffffde fr.pc=0x000001f1b1aded10 relative=0x0000000000001eb0
Event: 50.770 Thread 0x000001f1a163d5c0 Uncommon trap: reason=class_check action=maybe_recompile pc=0x000001f1b1aded10 method=org.springframework.core.MethodIntrospector.lambda$selectMethods$0(Ljava/lang/Class;Lorg/springframework/core/MethodIntrospector$MetadataLookup;Ljava/util/Map;Ljava/lang
Event: 50.770 Thread 0x000001f1a163d5c0 DEOPT PACKING pc=0x000001f1b1aded10 sp=0x00000082da9fa780
Event: 50.770 Thread 0x000001f1a163d5c0 DEOPT UNPACKING pc=0x000001f1b10446a2 sp=0x00000082da9fa708 mode 2

Classes loaded (20 events):
Event: 47.115 Loading class java/util/concurrent/locks/AbstractQueuedSynchronizer$SharedNode
Event: 47.115 Loading class java/util/concurrent/locks/AbstractQueuedSynchronizer$SharedNode done
Event: 47.505 Loading class java/util/Comparators$NullComparator
Event: 47.505 Loading class java/util/Comparators$NullComparator done
Event: 47.926 Loading class java/time/Duration$1
Event: 47.926 Loading class java/time/Duration$1 done
Event: 48.424 Loading class sun/reflect/generics/repository/FieldRepository
Event: 48.431 Loading class sun/reflect/generics/repository/FieldRepository done
Event: 48.502 Loading class java/util/EnumMap$EntrySet
Event: 48.503 Loading class java/util/EnumMap$EntrySet done
Event: 48.503 Loading class java/util/EnumMap$EntryIterator
Event: 48.503 Loading class java/util/EnumMap$EnumMapIterator
Event: 48.503 Loading class java/util/EnumMap$EnumMapIterator done
Event: 48.503 Loading class java/util/EnumMap$EntryIterator done
Event: 48.503 Loading class java/util/EnumMap$EntryIterator$Entry
Event: 48.503 Loading class java/util/EnumMap$EntryIterator$Entry done
Event: 50.631 Loading class java/util/stream/SortedOps$SizedRefSortingSink
Event: 50.631 Loading class java/util/stream/SortedOps$SizedRefSortingSink done
Event: 50.726 Loading class sun/reflect/annotation/TypeAnnotation$TypeAnnotationTargetInfo
Event: 50.726 Loading class sun/reflect/annotation/TypeAnnotation$TypeAnnotationTargetInfo done

Classes unloaded (0 events):
No events

Classes redefined (0 events):
No events

Internal exceptions (20 events):
Event: 41.223 Thread 0x000001f1a163d5c0 Exception <a 'java/lang/NoSuchMethodError'{0x00000000e3cb33f8}: 'int java.lang.invoke.DirectMethodHandle$Holder.invokeStaticInit(java.lang.Object, int, java.lang.Object, java.lang.Object, java.lang.Object, java.lang.Object)'> (0x00000000e3cb33f8) 
thrown [s\open\src\hotspot\share\interpreter\linkResolver.cpp, line 773]
Event: 41.378 Thread 0x000001f1a163d5c0 Exception <a 'java/lang/NoSuchMethodError'{0x00000000e3578d00}: 'void java.lang.invoke.Invokers$Holder.invokeExact_MT(java.lang.Object, java.lang.Object, java.lang.Object, java.lang.Object)'> (0x00000000e3578d00) 
thrown [s\open\src\hotspot\share\interpreter\linkResolver.cpp, line 773]
Event: 41.501 Thread 0x000001f1a163d5c0 Exception <a 'java/lang/IncompatibleClassChangeError'{0x00000000e3238ee0}: Found class java.lang.Object, but interface was expected> (0x00000000e3238ee0) 
thrown [s\open\src\hotspot\share\interpreter\linkResolver.cpp, line 840]
Event: 42.757 Thread 0x000001f1a163d5c0 Exception <a 'java/lang/NoSuchMethodError'{0x00000000e5853128}: 'int java.lang.invoke.Invokers$Holder.invokeExact_MT(java.lang.Object, java.lang.Object, java.lang.Object)'> (0x00000000e5853128) 
thrown [s\open\src\hotspot\share\interpreter\linkResolver.cpp, line 773]
Event: 42.764 Thread 0x000001f1a163d5c0 Exception <a 'java/lang/NoSuchMethodError'{0x00000000e58849a0}: 'java.lang.Object java.lang.invoke.DirectMethodHandle$Holder.invokeVirtual(java.lang.Object, java.lang.Object, int, int)'> (0x00000000e58849a0) 
thrown [s\open\src\hotspot\share\interpreter\linkResolver.cpp, line 773]
Event: 42.767 Thread 0x000001f1a163d5c0 Exception <a 'sun/nio/fs/WindowsException'{0x00000000e589b420}> (0x00000000e589b420) 
thrown [s\open\src\hotspot\share\prims\jni.cpp, line 520]
Event: 42.767 Thread 0x000001f1a163d5c0 Exception <a 'sun/nio/fs/WindowsException'{0x00000000e589c488}> (0x00000000e589c488) 
thrown [s\open\src\hotspot\share\prims\jni.cpp, line 520]
Event: 42.960 Thread 0x000001f1a163d5c0 Exception <a 'java/lang/NoSuchMethodError'{0x00000000e3d66968}: 'java.lang.Object java.lang.invoke.DirectMethodHandle$Holder.invokeStaticInit(java.lang.Object, java.lang.Object, java.lang.Object, java.lang.Object, java.lang.Object)'> (0x00000000e3d66968) 
thrown [s\open\src\hotspot\share\interpreter\linkResolver.cpp, line 773]
Event: 43.933 Thread 0x000001f1a163d5c0 Exception <a 'java/lang/IncompatibleClassChangeError'{0x00000000e5737758}: Found class java.lang.Object, but interface was expected> (0x00000000e5737758) 
thrown [s\open\src\hotspot\share\interpreter\linkResolver.cpp, line 840]
Event: 44.591 Thread 0x000001f1a163d5c0 Exception <a 'sun/nio/fs/WindowsException'{0x00000000e39f86d8}> (0x00000000e39f86d8) 
thrown [s\open\src\hotspot\share\prims\jni.cpp, line 520]
Event: 45.202 Thread 0x000001f185f08a30 Implicit null exception at 0x000001f1b16be81a to 0x000001f1b16be924
Event: 45.927 Thread 0x000001f1a163d5c0 Exception <a 'java/lang/NoSuchMethodError'{0x00000000e75d5680}: 'java.lang.Object java.lang.invoke.DirectMethodHandle$Holder.invokeStaticInit(java.lang.Object, long)'> (0x00000000e75d5680) 
thrown [s\open\src\hotspot\share\interpreter\linkResolver.cpp, line 773]
Event: 45.941 Thread 0x000001f1a163d5c0 Exception <a 'java/lang/NoSuchMethodError'{0x00000000e75fb550}: 'void java.lang.invoke.DirectMethodHandle$Holder.invokeStatic(java.lang.Object, int, java.lang.Object)'> (0x00000000e75fb550) 
thrown [s\open\src\hotspot\share\interpreter\linkResolver.cpp, line 773]
Event: 46.200 Thread 0x000001f1a163d5c0 Exception <a 'java/io/FileNotFoundException'{0x00000000e585ce88}> (0x00000000e585ce88) 
thrown [s\open\src\hotspot\share\prims\jni.cpp, line 520]
Event: 46.765 Thread 0x000001f1a163d5c0 Exception <a 'java/lang/UnsatisfiedLinkError'{0x00000000e57ce020}: 'int io.netty.channel.epoll.Native.offsetofEpollData()'> (0x00000000e57ce020) 
thrown [s\open\src\hotspot\share\prims\nativeLookup.cpp, line 415]
Event: 46.766 Thread 0x000001f1a163d5c0 Exception <a 'java/lang/ExceptionInInitializerError'{0x00000000e57d6190}> (0x00000000e57d6190) 
thrown [s\open\src\hotspot\share\oops\instanceKlass.cpp, line 1197]
Event: 48.190 Thread 0x000001f1a163d5c0 Exception <a 'java/lang/NoSuchMethodError'{0x00000000e557ba18}: 'java.lang.Object java.lang.invoke.DirectMethodHandle$Holder.newInvokeSpecial(java.lang.Object, java.lang.Object, java.lang.Object, java.lang.Object, java.lang.Object, java.lang.Object, java.lang.Object, java.lang.Object, java.lang.Object, java.lang.Object, java.lang.Object)'> (0x00000000e557ba18) 
thrown [s\open\src\hotspot\share\interpreter\linkResolver.cpp, line 773]
Event: 48.391 Thread 0x000001f1a163d5c0 Exception <a 'java/lang/NoSuchMethodError'{0x00000000e412ebd8}: 'java.lang.Object java.lang.invoke.DirectMethodHandle$Holder.invokeVirtual(java.lang.Object, java.lang.Object, java.lang.Object, java.lang.Object, java.lang.Object, java.lang.Object)'> (0x00000000e412ebd8) 
thrown [s\open\src\hotspot\share\interpreter\linkResolver.cpp, line 773]
Event: 48.682 Thread 0x000001f1a163d5c0 Exception <a 'java/lang/NoSuchMethodError'{0x00000000e743eb60}: 'java.lang.Object java.lang.invoke.DirectMethodHandle$Holder.invokeVirtual(java.lang.Object, java.lang.Object, java.lang.Object, int)'> (0x00000000e743eb60) 
thrown [s\open\src\hotspot\share\interpreter\linkResolver.cpp, line 773]
Event: 50.704 Thread 0x000001f1a163d5c0 Exception <a 'java/lang/NoSuchMethodError'{0x00000000e4d9b158}: 'java.lang.Object java.lang.invoke.DirectMethodHandle$Holder.invokeVirtual(java.lang.Object, java.lang.Object, int)'> (0x00000000e4d9b158) 
thrown [s\open\src\hotspot\share\interpreter\linkResolver.cpp, line 773]

ZGC Phase Switch (0 events):
No events

VM Operations (20 events):
Event: 48.617 Executing VM operation: G1CollectForAllocation (G1 Evacuation Pause)
Event: 48.623 Executing VM operation: G1CollectForAllocation (G1 Evacuation Pause) done
Event: 48.662 Executing VM operation: G1PauseRemark
Event: 48.672 Executing VM operation: G1PauseRemark done
Event: 48.696 Executing VM operation: G1PauseCleanup
Event: 48.696 Executing VM operation: G1PauseCleanup done
Event: 49.710 Executing VM operation: Cleanup
Event: 50.058 Executing VM operation: Cleanup done
Event: 50.119 Executing VM operation: G1CollectForAllocation (G1 Evacuation Pause)
Event: 50.123 Executing VM operation: G1CollectForAllocation (G1 Evacuation Pause) done
Event: 50.604 Executing VM operation: HandshakeAllThreads (Deoptimize)
Event: 50.604 Executing VM operation: HandshakeAllThreads (Deoptimize) done
Event: 50.632 Executing VM operation: HandshakeAllThreads (Deoptimize)
Event: 50.632 Executing VM operation: HandshakeAllThreads (Deoptimize) done
Event: 50.831 Executing VM operation: HandshakeAllThreads (Deoptimize)
Event: 50.831 Executing VM operation: HandshakeAllThreads (Deoptimize) done
Event: 50.837 Executing VM operation: HandshakeAllThreads (Deoptimize)
Event: 50.837 Executing VM operation: HandshakeAllThreads (Deoptimize) done
Event: 50.841 Executing VM operation: HandshakeAllThreads (Deoptimize)
Event: 50.841 Executing VM operation: HandshakeAllThreads (Deoptimize) done

Events (20 events):
Event: 48.670 Thread 0x000001f1bbd892d0 flushing nmethod 0x000001f1aa17ea90
Event: 48.670 Thread 0x000001f1bbd892d0 flushing nmethod 0x000001f1aa1af110
Event: 48.670 Thread 0x000001f1bbd892d0 flushing nmethod 0x000001f1aa1b6010
Event: 48.670 Thread 0x000001f1bbd892d0 flushing nmethod 0x000001f1aa32ac10
Event: 48.670 Thread 0x000001f1bbd892d0 flushing nmethod 0x000001f1aa446210
Event: 48.670 Thread 0x000001f1bbd892d0 flushing nmethod 0x000001f1aa446c10
Event: 48.670 Thread 0x000001f1bbd892d0 flushing nmethod 0x000001f1aa448710
Event: 48.670 Thread 0x000001f1bbd892d0 flushing nmethod 0x000001f1aa4ee990
Event: 48.670 Thread 0x000001f1bbd892d0 flushing nmethod 0x000001f1aa4f2f10
Event: 48.670 Thread 0x000001f1bbd892d0 flushing nmethod 0x000001f1aa517110
Event: 48.670 Thread 0x000001f1bbd892d0 flushing nmethod 0x000001f1aa51b790
Event: 48.670 Thread 0x000001f1bbd892d0 flushing nmethod 0x000001f1aa543890
Event: 48.670 Thread 0x000001f1bbd892d0 flushing nmethod 0x000001f1aa544690
Event: 48.670 Thread 0x000001f1bbd892d0 flushing nmethod 0x000001f1aa66c310
Event: 48.670 Thread 0x000001f1bbd892d0 flushing nmethod 0x000001f1aa7a7e90
Event: 48.670 Thread 0x000001f1bbd892d0 flushing nmethod 0x000001f1aa7a8310
Event: 48.670 Thread 0x000001f1bbd892d0 flushing nmethod 0x000001f1aa7a9e10
Event: 48.670 Thread 0x000001f1bbd892d0 flushing nmethod 0x000001f1aa7ac490
Event: 48.957 Thread 0x000001f1ff9e2650 Thread exited: 0x000001f1ff9e2650
Event: 49.418 Thread 0x000001f1ffb73b60 Thread added: 0x000001f1ffb73b60


Dynamic libraries:
0x00007ff7f3aa0000 - 0x00007ff7f3ab0000 	C:\Program Files\Java\jdk-21\bin\java.exe
0x00007ff910de0000 - 0x00007ff911047000 	C:\WINDOWS\SYSTEM32\ntdll.dll
0x00007ff90fd40000 - 0x00007ff90fe09000 	C:\WINDOWS\System32\KERNEL32.DLL
0x00007ff90e3f0000 - 0x00007ff90e7df000 	C:\WINDOWS\System32\KERNELBASE.dll
0x00007ff90dfe0000 - 0x00007ff90e12b000 	C:\WINDOWS\System32\ucrtbase.dll
0x00007ff8ff200000 - 0x00007ff8ff219000 	C:\Program Files\Java\jdk-21\bin\jli.dll
0x00007ff9072e0000 - 0x00007ff9072fb000 	C:\Program Files\Java\jdk-21\bin\VCRUNTIME140.dll
0x00007ff910340000 - 0x00007ff9103f4000 	C:\WINDOWS\System32\ADVAPI32.dll
0x00007ff910cf0000 - 0x00007ff910d99000 	C:\WINDOWS\System32\msvcrt.dll
0x00007ff90f800000 - 0x00007ff90f8a6000 	C:\WINDOWS\System32\sechost.dll
0x00007ff90f190000 - 0x00007ff90f2a8000 	C:\WINDOWS\System32\RPCRT4.dll
0x00007ff90f410000 - 0x00007ff90f5d5000 	C:\WINDOWS\System32\USER32.dll
0x00007ff90e7f0000 - 0x00007ff90e817000 	C:\WINDOWS\System32\win32u.dll
0x00007ff90ed90000 - 0x00007ff90edbb000 	C:\WINDOWS\System32\GDI32.dll
0x00007ff90ea50000 - 0x00007ff90eb7c000 	C:\WINDOWS\System32\gdi32full.dll
0x00007ff90df30000 - 0x00007ff90dfd3000 	C:\WINDOWS\System32\msvcp_win.dll
0x00007ff8fb4b0000 - 0x00007ff8fb743000 	C:\WINDOWS\WinSxS\amd64_microsoft.windows.common-controls_6595b64144ccf1df_6.0.26100.7309_none_3e05feeae336a044\COMCTL32.dll
0x00007ff906e30000 - 0x00007ff906e3b000 	C:\WINDOWS\SYSTEM32\VERSION.dll
0x00007ff90edc0000 - 0x00007ff90edf1000 	C:\WINDOWS\System32\IMM32.DLL
0x00007ff90af00000 - 0x00007ff90af0c000 	C:\Program Files\Java\jdk-21\bin\vcruntime140_1.dll
0x00007ff8ee980000 - 0x00007ff8eea0e000 	C:\Program Files\Java\jdk-21\bin\msvcp140.dll
0x00007ff8ad140000 - 0x00007ff8ade5d000 	C:\Program Files\Java\jdk-21\bin\server\jvm.dll
0x00007ff910be0000 - 0x00007ff910c54000 	C:\WINDOWS\System32\WS2_32.dll
0x00007ff90dd90000 - 0x00007ff90ddee000 	C:\WINDOWS\SYSTEM32\POWRPROF.dll
0x00007ff905da0000 - 0x00007ff905dd5000 	C:\WINDOWS\SYSTEM32\WINMM.dll
0x00007ff90dd70000 - 0x00007ff90dd84000 	C:\WINDOWS\SYSTEM32\UMPDC.dll
0x00007ff90cc40000 - 0x00007ff90cc5b000 	C:\WINDOWS\SYSTEM32\kernel.appcore.dll
0x00007ff908f70000 - 0x00007ff908f7a000 	C:\Program Files\Java\jdk-21\bin\jimage.dll
0x00007ff902920000 - 0x00007ff902b62000 	C:\WINDOWS\SYSTEM32\DBGHELP.DLL
0x00007ff90fe90000 - 0x00007ff910216000 	C:\WINDOWS\System32\combase.dll
0x00007ff90f0b0000 - 0x00007ff90f186000 	C:\WINDOWS\System32\OLEAUT32.dll
0x00007ff90af10000 - 0x00007ff90af4c000 	C:\WINDOWS\SYSTEM32\dbgcore.DLL
0x00007ff90e2b0000 - 0x00007ff90e355000 	C:\WINDOWS\System32\bcryptPrimitives.dll
0x00007ff8fe840000 - 0x00007ff8fe85f000 	C:\Program Files\Java\jdk-21\bin\java.dll
0x00007ff910400000 - 0x00007ff910b53000 	C:\WINDOWS\System32\SHELL32.dll
0x00007ff90e8e0000 - 0x00007ff90ea4a000 	C:\WINDOWS\System32\wintypes.dll
0x00007ff90bb20000 - 0x00007ff90c37e000 	C:\WINDOWS\SYSTEM32\windows.storage.dll
0x00007ff910220000 - 0x00007ff910315000 	C:\WINDOWS\System32\SHCORE.dll
0x00007ff90eb80000 - 0x00007ff90ebe6000 	C:\WINDOWS\System32\shlwapi.dll
0x00007ff90de50000 - 0x00007ff90de79000 	C:\WINDOWS\SYSTEM32\profapi.dll
0x00007ff8d27d0000 - 0x00007ff8d28a7000 	C:\Program Files\Java\jdk-21\bin\jsvml.dll
0x00007ff900cf0000 - 0x00007ff900d00000 	C:\Program Files\Java\jdk-21\bin\net.dll
0x00007ff903b30000 - 0x00007ff903c58000 	C:\WINDOWS\SYSTEM32\WINHTTP.dll
0x00007ff90d250000 - 0x00007ff90d2bb000 	C:\WINDOWS\system32\mswsock.dll
0x00007ff8fe820000 - 0x00007ff8fe836000 	C:\Program Files\Java\jdk-21\bin\nio.dll
0x00007ff8fe800000 - 0x00007ff8fe818000 	C:\Program Files\Java\jdk-21\bin\zip.dll
0x00007ff8fe7f0000 - 0x00007ff8fe7f9000 	C:\Program Files\Java\jdk-21\bin\extnet.dll
0x00007ff8fe7b0000 - 0x00007ff8fe7be000 	C:\Program Files\Java\jdk-21\bin\sunmscapi.dll
0x00007ff90e130000 - 0x00007ff90e2a7000 	C:\WINDOWS\System32\CRYPT32.dll
0x00007ff90d720000 - 0x00007ff90d750000 	C:\WINDOWS\SYSTEM32\ncrypt.dll
0x00007ff90d6d0000 - 0x00007ff90d70f000 	C:\WINDOWS\SYSTEM32\NTASN1.dll
0x00007ff8f4dc0000 - 0x00007ff8f4dc8000 	C:\WINDOWS\system32\wshunix.dll
0x00007ff90d510000 - 0x00007ff90d52b000 	C:\WINDOWS\SYSTEM32\CRYPTSP.dll
0x00007ff90cc60000 - 0x00007ff90cc9a000 	C:\WINDOWS\system32\rsaenh.dll
0x00007ff90d300000 - 0x00007ff90d32b000 	C:\WINDOWS\SYSTEM32\USERENV.dll
0x00007ff90de20000 - 0x00007ff90de4a000 	C:\WINDOWS\SYSTEM32\bcrypt.dll
0x00007ff90dd30000 - 0x00007ff90dd3c000 	C:\WINDOWS\SYSTEM32\CRYPTBASE.dll
0x00007ff90c6b0000 - 0x00007ff90c6e4000 	C:\WINDOWS\SYSTEM32\IPHLPAPI.DLL
0x00007ff90ee00000 - 0x00007ff90ee0a000 	C:\WINDOWS\System32\NSI.dll
0x00007ff8fe770000 - 0x00007ff8fe780000 	C:\Program Files\Java\jdk-21\bin\verify.dll
0x00007ff90c6f0000 - 0x00007ff90c81c000 	C:\WINDOWS\SYSTEM32\DNSAPI.dll
0x00007ff8fedc0000 - 0x00007ff8fedcb000 	C:\Windows\System32\rasadhlp.dll
0x00007ff901e70000 - 0x00007ff901ef6000 	C:\WINDOWS\System32\fwpuclnt.dll
0x00007ff8b2640000 - 0x00007ff8b2658000 	C:\WINDOWS\system32\napinsp.dll
0x00007ff8b2620000 - 0x00007ff8b2632000 	C:\WINDOWS\System32\winrnr.dll
0x00007ff8ef680000 - 0x00007ff8ef6a2000 	C:\WINDOWS\system32\nlansp_c.dll
0x00007ff905d80000 - 0x00007ff905d96000 	C:\WINDOWS\system32\wshbth.dll
0x00007ff902d10000 - 0x00007ff902d2e000 	C:\WINDOWS\SYSTEM32\dhcpcsvc6.DLL
0x00007ff902ce0000 - 0x00007ff902d03000 	C:\WINDOWS\SYSTEM32\dhcpcsvc.DLL

dbghelp: loaded successfully - version: 4.0.5 - missing functions: none
symbol engine: initialized successfully - sym options: 0x614 - pdb path: .;C:\Program Files\Java\jdk-21\bin;C:\WINDOWS\SYSTEM32;C:\WINDOWS\WinSxS\amd64_microsoft.windows.common-controls_6595b64144ccf1df_6.0.26100.7309_none_3e05feeae336a044;C:\Program Files\Java\jdk-21\bin\server

VM Arguments:
jvm_args: -Dorg.gradle.internal.worker.tmpdir=C:\programmers\TeamProject-2\NBE8-10-2-Team05\backend\back\build\tmp\test\work -Xmx512m -Dfile.encoding=UTF-8 -Duser.country=KR -Duser.language=ko -Duser.variant -ea 
java_command: worker.org.gradle.process.internal.worker.GradleWorkerMain 'Gradle Test Executor 14'
java_class_path (initial): C:\\Users\\mirmi\\.gradle\\caches\\9.2.1\\workerMain\\gradle-worker.jar;C:\\programmers\\TeamProject-2\\NBE8-10-2-Team05\\backend\\back\\build\\classes\\java\\test;C:\\programmers\\TeamProject-2\\NBE8-10-2-Team05\\backend\\back\\build\\classes\\java\\main;C:\\programmers\\TeamProject-2\\NBE8-10-2-Team05\\backend\\back\\build\\resources\\main;C:\\Users\\mirmi\\.gradle\\caches\\modules-2\\files-2.1\\io.jsonwebtoken\\jjwt-impl\\0.13.0\\9e7c70dd7014909556755fb01c465dd184b4b1d9\\jjwt-impl-0.13.0.jar;C:\\Users\\mirmi\\.gradle\\caches\\modules-2\\files-2.1\\io.jsonwebtoken\\jjwt-jackson\\0.13.0\\cfe37531887657716ec20b5ef22f22b32e8bf4a8\\jjwt-jackson-0.13.0.jar;C:\\Users\\mirmi\\.gradle\\caches\\modules-2\\files-2.1\\io.jsonwebtoken\\jjwt-api\\0.13.0\\ce631a0342b08953355f333b488d2b03445b9f3e\\jjwt-api-0.13.0.jar;C:\\Users\\mirmi\\.gradle\\caches\\modules-2\\files-2.1\\io.github.openfeign.querydsl\\querydsl-jpa\\6.10.1\\b3fe562ae9a7a410f41088120ba4c7277e07ba1c\\querydsl-jpa-6.10.1.jar;C:\\Users\\mirmi\\.gradle\\caches\\modules-2\\files-2.1\\io.github.openfeign.querydsl\\querydsl-core\\6.10.1\\d3b63155c10f35a9b9245cbbb249b096c62b68d5\\querydsl-core-6.10.1.jar;C:\\Users\\mirmi\\.gradle\\caches\\modules-2\\files-2.1\\org.springframework.boot\\spring-boot-starter-webmvc-test\\4.0.1\\9bf2adcb365384a45369b5cd2199feef5f983266\\spring-boot-starter-webmvc-test-4.0.1.jar;C:\\Users\\mirmi\\.gradle\\caches\\modules-2\\files-2.1\\org.springframework.boot\\spring-boot-starter-webmvc\\4.0.1\\60c3f45643c8c333a80ec51d47e07fbd1ddd4f83\\spring-boot-starter-webmvc-4.0.1.jar;C:\\Users\\mirmi\\.gradle\\caches\\modules-2\\files-2.1\\org.springframework.boot\\spring-boot-starter-data-jpa-test\\4.0.1\\36a1c34f34466779542b2b87ada68b368da50b4e\\spring-boot-starter-data-jpa-test-4.0.1.jar;C:\\Users\\mirmi\\.gradle\\caches\\modules-2\\files-2.1\\org.springframework.boot\\spring-boot-starter-data-jpa\\4.0.1\\22b1d62cb82cd5347b0ae2ac87ae9d0a12678662\\spring-boot-starter-data-jpa-4.0.1.jar;C:\\Users\\mirmi\\.gradle\\caches\\modules-2\\files-2.1\\org.springframework.boot\\spring-boot-starter-security-test\\4.0.1\\df698e86c6e47ca21aa08ffb33ced0295bddea22\\spring-boot-starter-security-test-4.0.1.jar;C:\\Users\\mirmi\\.gradle\\caches\\modules-2\\files-2.1\\org.springframework.boot\\spring-boot-starter-security\\4.0.1\\9b5f936ee3c7d75f288ebbc14548c3dda4cd5f73\\spring-boot-starter-security-4.0.1.jar;C:\\Users\\mirmi\\.gradle\\caches\\modules-2\\files-2.1\\org.springframework.boot\\spring-boot-starter-webflux\\4.0.1\\6f74a6ceb23f1421314276d761fb968172aad717\\spring-boot-starter-webflux-4.0.1.jar;C:\\Users\\mirmi\\.gradle\\caches\\modules-2\\files-2.1\\org.springframework.boot\\spring-boot-starter-data-redis\\4.0.1\\980e8cfbfef3fd1a0ea111a6a7185aefd0a0f1d2\\spring-boot-starter-data-redis-4.0.1.jar;C:\\Users\\mirmi\\.gradle\\caches\\modules-2\\files-2.1\\org.springframework.boot\\spring-boot-h2console\\4.0.1\\929b104af6001aab23a5c2b38022d71c49642862\\spring-boot-h2console-4.0.1.jar;C:\\Users\\mirmi\\.gradle\\caches\\modules-2\\files-2.1\\org.springdoc\\springdoc-openapi-starter-webmvc-ui\\3.0.0\\3986340d52aa1ca71803178749b3c6e05e91cae0\\springdoc-openapi-starter-webmvc-ui-3.0.0.jar;C:\\Users\\mirmi\\.gradle\\caches\\modules-2\\files-2.1\\org.jsoup\\jsoup\\1.17.2\\1e75b08d7019546a954f1e359477f916f537a34d\\jsoup-1.17.2.jar;C:\\Users\\mirmi\\.gradle\\caches\\modules-2\\files-2.1\\co.elastic.clients\\elasticsearch-java\\8.11.3\\f96ce7e167ff37aef9f2096e70149a31280eff96\\elasticsearch-java-8.11.3.jar;C:\\Users\\mirmi\\.gradle\\caches\\modules-2\\files-2.1\\org.elasticsearch.client\\elasticsearch-rest-client\\8.11.3\\4d8454134423f0f97b6aed2d0f7eb114e2e6c7bf\\elasticsearch-rest-client-8.11.3.jar;C:\\Users\\mirmi\\.gradle\\caches\\modules-2\\files-2.1\\org.apache.httpcomponents.client5\\httpclient5\\5.5.1\\89ab9084b94afb7893a54f4d09b07c25246af5a7\\httpclient5-5.5.1.jar;C:\\Users\\mirmi\\.gradle\\caches\\modules-2\\files-2.1\\com.h2database\\h2\\2.4.240\\686180ad33981ad943fdc0ab381e619b2c2fdfe5\\h2-2.4.240.jar;C:\\Users\\mirmi\\.gradle\\caches\\modules-2\\files-2.1\\org.springframework.boot\\spring-boot-starter-jdbc-test\\4.0.1\\64ea1dbddf4355086f5629287ac14ce9aa9c535c\\spring-boot-starter-jdbc-test-4.0.1.jar;C:\\Users\\mirmi\\.gradle\\caches\\modules-2\\files-2.1\\org.springframework.boot\\spring-boot-starter-jackson-test\\4.0.1\\2d13e056af1211015efb9abd831e547e28867ad8\\spring-boot-starter-jackson-test-4.0.1.jar;C:\\Users\\mirmi\\.gradle\\caches\\modules-2\\files-2.1\\org.springframework.boot\\spring-boot-starter-test\\4.0.1\\a078ee0682ed91dcc6a32bee85f0ff9c1f7cf6ee\\spring-boot-starter-test-4.0.1.jar;C:\\Users\\mirmi\\.gradle\\caches\\modules-2\\files-2.1\\org.junit.jupiter\\junit-jupiter\\6.0.1\\b4b49470ed173a4b5f437851f6fdf1dc08dde93a\\junit-jupiter-6.0.1.jar;C:\\Users\\mirmi\\.gradle\\caches\\modules-2\\files-2.1\\org.junit.jupiter\\junit-jupiter-engine\\6.0.1\\62f4f510ba70f516641b8db28d2a184fd283493b\\junit-jupiter-engine-6.0.1.jar;C:\\Users\\mirmi\\.gradle\\caches\\modules-2\\files-2.1\\org.junit.platform\\junit-platform-engine\\6.0.1\\7b5b4c9a2298a7acd80e3267b49fda92e89cba4e\\junit-platform-engine-6.0.1.jar;C:\\Users\\mirmi\\.gradle\\caches\\modules-2\\files-2.1\\org.mockito\\mockito-junit-jupiter\\5.20.0\\58ed6603af5f8f53886d49be00264a3fdd1278d5\\mockito-junit-jupiter-5.20.0.jar;C:\\Users\\mirmi\\.gradle\\caches\\modules-2\\files-2.1\\org.junit.jupiter\\junit-jupiter-params\\6.0.1\\5c817a9421231ced101d19a699d5c99b992675\\junit-jupiter-params-6.0.1.jar;C:\\Users\\mirmi\\.gradle\\caches\\modules-2\\files-2.1\\org.junit.jupiter\\junit-jupiter-api\\6.0.1\\fd95c21739621a27658aada0ac23ff3d354beaa5\\junit-jupiter-api-6.0.1.jar;C:\\Users\\mirmi\\.gradle\\caches\\modules-2\\files-2.1\\org.junit.platform\\junit-platform-commons\\6.0.1\\d124ca836a0366bc499eb0dfb4ee63a8e602c8ff\\junit-platform-commons-6.0.1.jar;C:\\Users\\mirmi\\.gradle\\caches\\modules-2\\files-2.1\\org.junit.platform\\junit-platform-launcher\\6.0.1\\9db4b5904c955cb1adb909de0e1b4793fe5c256d\\junit-platform-launcher-6.0.1.jar;C:\\Users\\mirmi\\.gradle\\caches\\modules-2\\files-2.1\\com.mysema.commons\\mysema-commons-lang\\0.2.4\\d09c8489d54251a6c22fbce804bdd4a070557317\\mysema-commons-lang-0.2.4.jar;C:\\Users\\mirmi\\.gradle\\caches\\modules-2\\files-2.1\\org.springframework.boot\\spring-boot-starter-reactor-netty\\4.0.1\\9eb182fc9707455878b22da454ad3e8032339d18\\spring-boot-starter-reactor-netty-4.0.1.jar;C:\\Users\\mirmi\\.gradle\\caches\\modules-2\\files-2.1\\org.springframework.boot\\spring-boot-reactor\\4.0.1\\9140e84c861ce5d95783f34e9cd4ce3f24d3849b\\spring-boot-reactor-4.0.1.jar;C:\\Users\\mirmi\\.gradle\\caches\\modules-2\\files-2.1\\org.springframework.boot\\spring-boot-webflux\\4.0.1\\4a28f019f2ca527169f734c2d851a562aa7126de\\spring-boot-webflux-4.0.1.jar;C:\\Users\\mirmi\\.gradle\\caches\\modules-2\\files-2.1\\org.springframework\\spring-webflux\\7.0.2\\12a76bed5471aa5d9a7aee80f94a119ac228fec8\\spring-webflux-7.0.2.jar;C:\\Users\\mirmi\\.gradle\\caches\\modules-2\\files-2.1\\org.springframework.boot\\spring-boot-data-redis\\4.0.1\\a2af9fa576f5e2d110be00c061e2855a7c3cf4f\\spring-boot-data-redis-4.0.1.jar;C:\\Users\\mirmi\\.gradle\\caches\\modules-2\\files-2.1\\io.lettuce\\lettuce-core\\6.8.1.RELEASE\\8863a67cd9b99331dfe9cf3188f79b3d0fa60226\\lettuce-core-6.8.1.RELEASE.jar;C:\\Users\\mirmi\\.gradle\\caches\\modules-2\\files-2.1\\org.springframework.boot\\spring-boot-reactor-netty\\4.0.1\\1af4649ce4923a83197d84d9cef3ff52f475dcdb\\spring-boot-reactor-netty-4.0.1.jar;C:\\Users\\mirmi\\.gradle\\caches\\modules-2\\files-2.1\\io.projectreactor.netty\\reactor-netty-http\\1.3.1\\6bd9696ef71d0e22090329c269c679a73a0aa89f\\reactor-netty-http-1.3.1.jar;C:\\Users\\mirmi\\.gradle\\caches\\modules-2\\files-2.1\\io.projectreactor.netty\\reactor-netty-core\\1.3.1\\a42b946b2602c0d7b38eecd9af16ea599a6c5624\\reactor-netty-core-1.3.1.jar;C:\\Users\\mirmi\\.gradle\\caches\\modules-2\\files-2.1\\io.projectreactor\\reactor-core\\3.8.1\\5c00fd2b5daae88de5adb072b1921acbf2ba64b0\\reactor-core-3.8.1.jar;C:\\Users\\mirmi\\.gradle\\caches\\modules-2\\files-2.1\\org.springframework.boot\\spring-boot-starter-jackson\\4.0.1\\89aa1cd99f32ed00f1fd9d5c22e019e7cb9fa262\\spring-boot-starter-jackson-4.0.1.jar;C:\\Users\\mirmi\\.gradle\\caches\\modules-2\\files-2.1\\org.springframework.boot\\spring-boot-starter-tomcat\\4.0.1\\ebf0883b5ef313119a35f74bfdcc55a816bf85a7\\spring-boot-starter-tomcat-4.0.1.jar;C:\\Users\\mirmi\\.gradle\\caches\\modules-2\\files-2.1\\org.springframework.boot\\spring-boot-starter-jdbc\\4.0.1\\fd16a73a05db1d551749f6059a519f88674bccad\\spring-boot-starter-jdbc-4.0.1.jar;C:\\Users\\mirmi\\.gradle\\caches\\modules-2\\files-2.1\\org.springframework.boot\\spring-boot-starter\\4.0.1\\775e306503c1170ba472a33a47a6549a15e7015f\\spring-boot-starter-4.0.1.jar;C:\\Users\\mirmi\\.gradle\\caches\\modules-2\\files-2.1\\org.springdoc\\springdoc-openapi-starter-webmvc-api\\3.0.0\\4d9266bd7f9378868399f4e53c28491549ee1aba\\springdoc-openapi-starter-webmvc-api-3.0.0.jar;C:\\Users\\mirmi\\.gradle\\caches\\modules-2\\files-2.1\\org.springframework.boot\\spring-boot-webmvc-test\\4.0.1\\81e28d11724fb2eaa0a00b04d239cdc237c086a1\\spring-boot-webmvc-test-4.0.1.jar;C:\\Users\\mirmi\\.gradle\\caches\\modules-2\\files-2.1\\org.springframework.boot\\spring-boot-webmvc\\4.0.1\\4635bb0220cba3d95ab0b0883b5b1460f59bb31d\\spring-boot-webmvc-4.0.1.jar;C:\\Users\\mirmi\\.gradle\\caches\\modules-2\\files-2.1\\org.springframework.boot\\spring-boot-resttestclient\\4.0.1\\a2c3f03d21b72e071a7e07577f0991b5131e0805\\spring-boot-resttestclient-4.0.1.jar;C:\\Users\\mirmi\\.gradle\\caches\\modules-2\\files-2.1\\org.springframework.boot\\spring-boot-http-converter\\4.0.1\\ff2953160f2bffc4c888067300f9bf367ae55f26\\spring-boot-http-converter-4.0.1.jar;C:\\Users\\mirmi\\.gradle\\caches\\modules-2\\files-2.1\\org.springframework.boot\\spring-boot-data-jpa-test\\4.0.1\\df2f1f79e84446c1aed1e84332252656d6254253\\spring-boot-data-jpa-test-4.0.1.jar;C:\\Users\\mirmi\\.gradle\\caches\\modules-2\\files-2.1\\org.springframework.boot\\spring-boot-data-jpa\\4.0.1\\dcb255525d1af569bc3d1b73b7ab2e90304fb8fc\\spring-boot-data-jpa-4.0.1.jar;C:\\Users\\mirmi\\.gradle\\caches\\modules-2\\files-2.1\\org.springframework.boot\\spring-boot-jpa-test\\4.0.1\\3681f054358260fe03d58e0a140ec915184a47ce\\spring-boot-jpa-test-4.0.1.jar;C:\\Users\\mirmi\\.gradle\\caches\\modules-2\\files-2.1\\org.springframework.boot\\spring-boot-jdbc-test\\4.0.1\\23be493c74a6a314e81778191308aaf4eabdff82\\spring-boot-jdbc-test-4.0.1.jar;C:\\Users\\mirmi\\.gradle\\caches\\modules-2\\files-2.1\\org.springframework.boot\\spring-boot-hibernate\\4.0.1\\ae2c71638a6ec7893efb6e9b7fd83413fb418707\\spring-boot-hibernate-4.0.1.jar;C:\\Users\\mirmi\\.gradle\\caches\\modules-2\\files-2.1\\org.springframework.boot\\spring-boot-jpa\\4.0.1\\b4160f016ce4237cef1f607019c63052b0354ffe\\spring-boot-jpa-4.0.1.jar;C:\\Users\\mirmi\\.gradle\\caches\\modules-2\\files-2.1\\org.springframework.boot\\spring-boot-jdbc\\4.0.1\\662bf050fb0f5ed32f33c8e0f52df803f623e112\\spring-boot-jdbc-4.0.1.jar;C:\\Users\\mirmi\\.gradle\\caches\\modules-2\\files-2.1\\org.springframework.boot\\spring-boot-security-test\\4.0.1\\266adf41df8f56b0d2ed334cb1ba803c0508ac9a\\spring-boot-security-test-4.0.1.jar;C:\\Users\\mirmi\\.gradle\\caches\\modules-2\\files-2.1\\org.springframework.boot\\spring-boot-security\\4.0.1\\9e406a65f41f9b4d94a7373aa3743c8178f9a226\\spring-boot-security-4.0.1.jar;C:\\Users\\mirmi\\.gradle\\caches\\modules-2\\files-2.1\\org.springframework\\spring-webmvc\\7.0.2\\ed0b3b7724e8cb4b47976eda5e862b3dd1ed871b\\spring-webmvc-7.0.2.jar;C:\\Users\\mirmi\\.gradle\\caches\\modules-2\\files-2.1\\org.springframework.data\\spring-data-jpa\\4.0.1\\692ba2d74dbd9d3ccd890c2e06aa7991b3869dd0\\spring-data-jpa-4.0.1.jar;C:\\Users\\mirmi\\.gradle\\caches\\modules-2\\files-2.1\\org.springframework.security\\spring-security-config\\7.0.2\\d15ffd7762c07248e43ee153e27362e89ff8c6b4\\spring-security-config-7.0.2.jar;C:\\Users\\mirmi\\.gradle\\caches\\modules-2\\files-2.1\\org.springframework.security\\spring-security-test\\7.0.2\\9dd3125c328c046fc68f322e82ef26b9107739e\\spring-security-test-7.0.2.jar;C:\\Users\\mirmi\\.gradle\\caches\\modules-2\\files-2.1\\org.springframework.security\\spring-security-web\\7.0.2\\8d55b2164a866d932031b77ce21fed35a4a3bfe0\\spring-security-web-7.0.2.jar;C:\\Users\\mirmi\\.gradle\\caches\\modules-2\\files-2.1\\org.springframework.data\\spring-data-redis\\4.0.1\\50e7a78977e85aed8fb2ec89a253cd3009846919\\spring-data-redis-4.0.1.jar;C:\\Users\\mirmi\\.gradle\\caches\\modules-2\\files-2.1\\org.springdoc\\springdoc-openapi-starter-common\\3.0.0\\faec698297d0aceb1f2e03de6d26f39fb05f9d69\\springdoc-openapi-starter-common-3.0.0.jar;C:\\Users\\mirmi\\.gradle\\caches\\modules-2\\files-2.1\\org.springframework.boot\\spring-boot-autoconfigure\\4.0.1\\808c34d74bbad5802bac8ce687424da4da93bb08\\spring-boot-autoconfigure-4.0.1.jar;C:\\Users\\mirmi\\.gradle\\caches\\modules-2\\files-2.1\\org.springframework.boot\\spring-boot-jackson\\4.0.1\\245c1e71474e903bb06b6fffc018c4b2d98738c4\\spring-boot-jackson-4.0.1.jar;C:\\Users\\mirmi\\.gradle\\caches\\modules-2\\files-2.1\\org.springframework.boot\\spring-boot-servlet\\4.0.1\\3dcddba717a9deb204925f41f8e596bba07f417f\\spring-boot-servlet-4.0.1.jar;C:\\Users\\mirmi\\.gradle\\caches\\modules-2\\files-2.1\\org.springframework.boot\\spring-boot-data-commons\\4.0.1\\f4e33e91371942dd41424d734fe1927fa0d66af\\spring-boot-data-commons-4.0.1.jar;C:\\Users\\mirmi\\.gradle\\caches\\modules-2\\files-2.1\\org.springframework.boot\\spring-boot-sql\\4.0.1\\222c9c9902f52b41c0d90d0d2219427dc0001098\\spring-boot-sql-4.0.1.jar;C:\\Users\\mirmi\\.gradle\\caches\\modules-2\\files-2.1\\org.springframework.boot\\spring-boot-transaction\\4.0.1\\10c8fa4e1f4588382bc1775aeeac5e6b3dfd26e\\spring-boot-transaction-4.0.1.jar;C:\\Users\\mirmi\\.gradle\\caches\\modules-2\\files-2.1\\org.springframework.boot\\spring-boot-starter-tomcat-runtime\\4.0.1\\ce0f7d5cb75fbfcdbc839d0aeee62ce38f8ee58c\\spring-boot-starter-tomcat-runtime-4.0.1.jar;C:\\Users\\mirmi\\.gradle\\caches\\modules-2\\files-2.1\\org.springframework.boot\\spring-boot-tomcat\\4.0.1\\4e89e61bfb085a95d1541f1f9ca2d705f31b6197\\spring-boot-tomcat-4.0.1.jar;C:\\Users\\mirmi\\.gradle\\caches\\modules-2\\files-2.1\\org.springframework.boot\\spring-boot-web-server\\4.0.1\\659ce5f51c2bb7161db2811150a555a121dabd68\\spring-boot-web-server-4.0.1.jar;C:\\Users\\mirmi\\.gradle\\caches\\modules-2\\files-2.1\\org.springframework.boot\\spring-boot-http-codec\\4.0.1\\c6826ad442a66eebde902ccefd70e6f20a7cd136\\spring-boot-http-codec-4.0.1.jar;C:\\Users\\mirmi\\.gradle\\caches\\modules-2\\files-2.1\\org.springframework.boot\\spring-boot-netty\\4.0.1\\bf81a24b1c94e521e0f043816efb32232b516717\\spring-boot-netty-4.0.1.jar;C:\\Users\\mirmi\\.gradle\\caches\\modules-2\\files-2.1\\org.springframework.boot\\spring-boot-test-autoconfigure\\4.0.1\\35cbc74f7cfaabdf2ec455f8cb90b92e2ec0fae7\\spring-boot-test-autoconfigure-4.0.1.jar;C:\\Users\\mirmi\\.gradle\\caches\\modules-2\\files-2.1\\org.springframework.boot\\spring-boot-test\\4.0.1\\e396414018d2954af8dccb13877436bef50d118b\\spring-boot-test-4.0.1.jar;C:\\Users\\mirmi\\.gradle\\caches\\modules-2\\files-2.1\\org.springframework.boot\\spring-boot-persistence\\4.0.1\\2fd127ec9968820eb89da0111564f74199052015\\spring-boot-persistence-4.0.1.jar;C:\\Users\\mirmi\\.gradle\\caches\\modules-2\\files-2.1\\org.springframework.boot\\spring-boot-validation\\4.0.1\\51922ef1ef8049c95e2749d2a11bcb60d59c3ecf\\spring-boot-validation-4.0.1.jar;C:\\Users\\mirmi\\.gradle\\caches\\modules-2\\files-2.1\\org.springframework.boot\\spring-boot\\4.0.1\\2c20ae598c14dd78d3098aafc8a799afbdf8e69a\\spring-boot-4.0.1.jar;C:\\Users\\mirmi\\.gradle\\caches\\modules-2\\files-2.1\\org.springframework.security\\spring-security-core\\7.0.2\\40317c3763917b061b912bd381bf8016e38eebde\\spring-security-core-7.0.2.jar;C:\\Users\\mirmi\\.gradle\\caches\\modules-2\\files-2.1\\org.springframework.data\\spring-data-keyvalue\\4.0.1\\85aaf36347d61de58a4009a439dd4722166e402c\\spring-data-keyvalue-4.0.1.jar;C:\\Users\\mirmi\\.gradle\\caches\\modules-2\\files-2.1\\org.springframework\\spring-context-support\\7.0.2\\730eb28d537512cfc1a2550d5b9e0c1045e55c16\\spring-context-support-7.0.2.jar;C:\\Users\\mirmi\\.gradle\\caches\\modules-2\\files-2.1\\org.springframework\\spring-context\\7.0.2\\531fbbabf0d9ff80bc506121acfd29dcb1531bf9\\spring-context-7.0.2.jar;C:\\Users\\mirmi\\.gradle\\caches\\modules-2\\files-2.1\\org.springframework\\spring-aop\\7.0.2\\25b824571d184e9d47606a62dd787bcf7c55e88e\\spring-aop-7.0.2.jar;C:\\Users\\mirmi\\.gradle\\caches\\modules-2\\files-2.1\\jakarta.servlet\\jakarta.servlet-api\\6.1.0\\1169a246913fe3823782af7943e7a103634867c5\\jakarta.servlet-api-6.1.0.jar;C:\\Users\\mirmi\\.gradle\\caches\\modules-2\\files-2.1\\org.webjars\\swagger-ui\\5.30.1\\6501a58d558970f16895659f2edac8173fa9c32e\\swagger-ui-5.30.1.jar;C:\\Users\\mirmi\\.gradle\\caches\\modules-2\\files-2.1\\org.webjars\\webjars-locator-lite\\1.1.2\\e7acbfaaf40f9cc2b67209a2a9c04b7fc4b19a5f\\webjars-locator-lite-1.1.2.jar;C:\\Users\\mirmi\\.gradle\\caches\\modules-2\\files-2.1\\com.google.code.findbugs\\jsr305\\3.0.2\\25ea2e8b0c338a877313bd4672d3fe056ea78f0d\\jsr305-3.0.2.jar;C:\\Users\\mirmi\\.gradle\\caches\\modules-2\\files-2.1\\org.eclipse.parsson\\parsson\\1.0.0\\2a3b84d40ad99500d8032312bb6b03c35018dcca\\parsson-1.0.0.jar;C:\\Users\\mirmi\\.gradle\\caches\\modules-2\\files-2.1\\jakarta.json\\jakarta.json-api\\2.1.3\\4febd83e1d9d1561d078af460ecd19532383735c\\jakarta.json-api-2.1.3.jar;C:\\Users\\mirmi\\.gradle\\caches\\modules-2\\files-2.1\\io.opentelemetry\\opentelemetry-api\\1.55.0\\a71c43562e4d55c75997ccaa0c0513e5f881b703\\opentelemetry-api-1.55.0.jar;C:\\Users\\mirmi\\.gradle\\caches\\modules-2\\files-2.1\\org.apache.httpcomponents\\httpclient\\4.5.13\\e5f6cae5ca7ecaac1ec2827a9e2d65ae2869cada\\httpclient-4.5.13.jar;C:\\Users\\mirmi\\.gradle\\caches\\modules-2\\files-2.1\\org.apache.httpcomponents\\httpcore\\4.4.16\\51cf043c87253c9f58b539c9f7e44c8894223850\\httpcore-4.4.16.jar;C:\\Users\\mirmi\\.gradle\\caches\\modules-2\\files-2.1\\org.apache.httpcomponents\\httpasyncclient\\4.1.5\\cd18227f1eb8e9a263286c1d7362ceb24f6f9b32\\httpasyncclient-4.1.5.jar;C:\\Users\\mirmi\\.gradle\\caches\\modules-2\\files-2.1\\org.apache.httpcomponents\\httpcore-nio\\4.4.16\\cd21c80a9956be48c4c1cfd2f594ba02857d0927\\httpcore-nio-4.4.16.jar;C:\\Users\\mirmi\\.gradle\\caches\\modules-2\\files-2.1\\commons-codec\\commons-codec\\1.19.0\\8c0dbe3ae883fceda9b50a6c76e745e548073388\\commons-codec-1.19.0.jar;C:\\Users\\mirmi\\.gradle\\caches\\modules-2\\files-2.1\\org.springframework\\spring-web\\7.0.2\\fc1f3eec8e102b896b06c0082bf4d08486e091d3\\spring-web-7.0.2.jar;C:\\Users\\mirmi\\.gradle\\caches\\modules-2\\files-2.1\\org.springframework\\spring-orm\\7.0.2\\956faed8cab80d5d425fc140c4dd38b74e78e67e\\spring-orm-7.0.2.jar;C:\\Users\\mirmi\\.gradle\\caches\\modules-2\\files-2.1\\org.springframework\\spring-jdbc\\7.0.2\\a885a68fc3b6835bad22986e0621ed038b838833\\spring-jdbc-7.0.2.jar;C:\\Users\\mirmi\\.gradle\\caches\\modules-2\\files-2.1\\org.springframework.data\\spring-data-commons\\4.0.1\\a1fc93b66fb617c1232f6e8b685ebea4c403611\\spring-data-commons-4.0.1.jar;C:\\Users\\mirmi\\.gradle\\caches\\modules-2\\files-2.1\\org.springframework\\spring-tx\\7.0.2\\4fd7a9ae8a0c4490c66c7030024d2ec715e2f63e\\spring-tx-7.0.2.jar;C:\\Users\\mirmi\\.gradle\\caches\\modules-2\\files-2.1\\org.springframework\\spring-oxm\\7.0.2\\b4352789a2df17112190040249a58f3137104b3e\\spring-oxm-7.0.2.jar;C:\\Users\\mirmi\\.gradle\\caches\\modules-2\\files-2.1\\org.springframework\\spring-beans\\7.0.2\\224739ac1b1bd96e866fb436cbcc46a7457a64a2\\spring-beans-7.0.2.jar;C:\\Users\\mirmi\\.gradle\\caches\\modules-2\\files-2.1\\org.springframework\\spring-test\\7.0.2\\47fb8017b5fd9d5030b2c3bde84dae8d7aa865fc\\spring-test-7.0.2.jar;C:\\Users\\mirmi\\.gradle\\caches\\modules-2\\files-2.1\\org.springframework\\spring-expression\\7.0.2\\692338c5c7eaeeeba4f0919b54216c1bf9fbee04\\spring-expression-7.0.2.jar;C:\\Users\\mirmi\\.gradle\\caches\\modules-2\\files-2.1\\org.springframework\\spring-core\\7.0.2\\92b5608685a6212fe2ce3565bc1bf660505560c7\\spring-core-7.0.2.jar;C:\\Users\\mirmi\\.gradle\\caches\\modules-2\\files-2.1\\commons-logging\\commons-logging\\1.3.5\\a3fcc5d3c29b2b03433aa2d2f2d2c1b1638924a1\\commons-logging-1.3.5.jar;C:\\Users\\mirmi\\.gradle\\caches\\modules-2\\files-2.1\\org.apache.httpcomponents.core5\\httpcore5-h2\\5.3.6\\5b4b321d0001aac957f5db293e3cbc4099fc15b8\\httpcore5-h2-5.3.6.jar;C:\\Users\\mirmi\\.gradle\\caches\\modules-2\\files-2.1\\org.apache.httpcomponents.core5\\httpcore5\\5.3.6\\2c7f0d11747f9485a02c9f622c0f0477d7ce8677\\httpcore5-5.3.6.jar;C:\\Users\\mirmi\\.gradle\\caches\\modules-2\\files-2.1\\com.zaxxer\\HikariCP\\7.0.2\\c2b43c946b86a14a96342379e22b004c56c6166d\\HikariCP-7.0.2.jar;C:\\Users\\mirmi\\.gradle\\caches\\modules-2\\files-2.1\\com.jayway.jsonpath\\json-path\\2.10.0\\e1a0b2e6db75401181c9c1c64c6d155ca5c6d608\\json-path-2.10.0.jar;C:\\Users\\mirmi\\.gradle\\caches\\modules-2\\files-2.1\\org.springframework.boot\\spring-boot-starter-logging\\4.0.1\\95b39c11a1a69a48ababef38c9a415f25fead87b\\spring-boot-starter-logging-4.0.1.jar;C:\\Users\\mirmi\\.gradle\\caches\\modules-2\\files-2.1\\ch.qos.logback\\logback-classic\\1.5.22\\b5212de704deea1a38a41a2bf8de274e7c9cd653\\logback-classic-1.5.22.jar;C:\\Users\\mirmi\\.gradle\\caches\\modules-2\\files-2.1\\org.apache.logging.log4j\\log4j-to-slf4j\\2.25.3\\30adfb40cca243ec88cf7ec1fddb411ab55faa4f\\log4j-to-slf4j-2.25.3.jar;C:\\Users\\mirmi\\.gradle\\caches\\modules-2\\files-2.1\\org.slf4j\\jul-to-slf4j\\2.0.17\\524cb6ccc2b68a57604750e1ab8b13b5a786a6aa\\jul-to-slf4j-2.0.17.jar;C:\\Users\\mirmi\\.gradle\\caches\\modules-2\\files-2.1\\redis.clients.authentication\\redis-authx-core\\0.1.1-beta2\\4037345ff29fb22c737bab2ed116a34262718ae5\\redis-authx-core-0.1.1-beta2.jar;C:\\Users\\mirmi\\.gradle\\caches\\modules-2\\files-2.1\\io.swagger.core.v3\\swagger-core-jakarta\\2.2.38\\ee2b75c78486029dcd61eebb6068c9d0b1126341\\swagger-core-jakarta-2.2.38.jar;C:\\Users\\mirmi\\.gradle\\caches\\modules-2\\files-2.1\\org.slf4j\\slf4j-api\\2.0.17\\d9e58ac9c7779ba3bf8142aff6c830617a7fe60f\\slf4j-api-2.0.17.jar;C:\\Users\\mirmi\\.gradle\\caches\\modules-2\\files-2.1\\com.fasterxml.jackson.dataformat\\jackson-dataformat-yaml\\2.20.1\\e6da043059c9ec631a3429ded461d5d92f240c3f\\jackson-dataformat-yaml-2.20.1.jar;C:\\Users\\mirmi\\.gradle\\caches\\modules-2\\files-2.1\\com.fasterxml.jackson.datatype\\jackson-datatype-jsr310\\2.20.1\\7ad06a455afc4a38412d5dab127191bdc3d90faf\\jackson-datatype-jsr310-2.20.1.jar;C:\\Users\\mirmi\\.gradle\\caches\\modules-2\\files-2.1\\com.fasterxml.jackson.core\\jackson-core\\2.20.1\\5734323adfece72111769b0ae38a6cf803e3d178\\jackson-core-2.20.1.jar;C:\\Users\\mirmi\\.gradle\\caches\\modules-2\\files-2.1\\com.fasterxml.jackson.core\\jackson-databind\\2.20.1\\9586a7fe0e1775de0e54237fa6a2c8455c93ac06\\jackson-databind-2.20.1.jar;C:\\Users\\mirmi\\.gradle\\caches\\modules-2\\files-2.1\\org.reactivestreams\\reactive-streams\\1.0.4\\3864a1320d97d7b045f729a326e1e077661f31b7\\reactive-streams-1.0.4.jar;C:\\Users\\mirmi\\.gradle\\caches\\modules-2\\files-2.1\\io.micrometer\\micrometer-observation\\1.16.1\\659a6aa16a5e541de071ef7ba6cb7ef35d59ce2a\\micrometer-observation-1.16.1.jar;C:\\Users\\mirmi\\.gradle\\caches\\modules-2\\files-2.1\\io.micrometer\\micrometer-commons\\1.16.1\\1b14b7052dd88e35625b3f5505f9bb8a9b0fedb8\\micrometer-commons-1.16.1.jar;C:\\Users\\mirmi\\.gradle\\caches\\modules-2\\files-2.1\\org.jspecify\\jspecify\\1.0.0\\7425a601c1c7ec76645a78d22b8c6a627edee507\\jspecify-1.0.0.jar;C:\\Users\\mirmi\\.gradle\\caches\\modules-2\\files-2.1\\jakarta.annotation\\jakarta.annotation-api\\3.0.0\\54f928fadec906a99d558536756d171917b9d936\\jakarta.annotation-api-3.0.0.jar;C:\\Users\\mirmi\\.gradle\\caches\\modules-2\\files-2.1\\org.yaml\\snakeyaml\\2.5\\2d53ddec134280cb384c1e35d094e5f71c1f2316\\snakeyaml-2.5.jar;C:\\Users\\mirmi\\.gradle\\caches\\modules-2\\files-2.1\\org.springframework\\spring-aspects\\7.0.2\\a137a7f1919da8e26b16a94063897f2900e21384\\spring-aspects-7.0.2.jar;C:\\Users\\mirmi\\.gradle\\caches\\modules-2\\files-2.1\\io.opentelemetry\\opentelemetry-context\\1.55.0\\a3e7c14152b6b6c62e0c64f991791fa0c5cbf02d\\opentelemetry-context-1.55.0.jar;C:\\Users\\mirmi\\.gradle\\caches\\modules-2\\files-2.1\\tools.jackson.core\\jackson-core\\3.0.3\\d208ec73d6a17667a0462cfc3237076a087bc936\\jackson-core-3.0.3.jar;C:\\Users\\mirmi\\.gradle\\caches\\modules-2\\files-2.1\\tools.jackson.core\\jackson-databind\\3.0.3\\c024f05711e311341d4338cbb7905696e20921f8\\jackson-databind-3.0.3.jar;C:\\Users\\mirmi\\.gradle\\caches\\modules-2\\files-2.1\\io.swagger.core.v3\\swagger-models-jakarta\\2.2.38\\685cef01d2a02f67879cfab8b3ceccc8fe6ee1b1\\swagger-models-jakarta-2.2.38.jar;C:\\Users\\mirmi\\.gradle\\caches\\modules-2\\files-2.1\\com.fasterxml.jackson.core\\jackson-annotations\\2.20\\6a5e7291ea3f2b590a7ce400adb7b3aea4d7e12c\\jackson-annotations-2.20.jar;C:\\Users\\mirmi\\.gradle\\caches\\modules-2\\files-2.1\\org.hibernate.orm\\hibernate-core\\7.2.0.Final\\841888e241221ad5748f317b6ff12b78ba98fc5\\hibernate-core-7.2.0.Final.jar;C:\\Users\\mirmi\\.gradle\\caches\\modules-2\\files-2.1\\org.glassfish.jaxb\\jaxb-runtime\\4.0.6\\fb95ebb62564657b2fedfe165b859789ef3a8711\\jaxb-runtime-4.0.6.jar;C:\\Users\\mirmi\\.gradle\\caches\\modules-2\\files-2.1\\org.glassfish.jaxb\\jaxb-core\\4.0.6\\8e61282303777fc98a00cc3affd0560d68748a75\\jaxb-core-4.0.6.jar;C:\\Users\\mirmi\\.gradle\\caches\\modules-2\\files-2.1\\jakarta.xml.bind\\jakarta.xml.bind-api\\4.0.4\\d6d2327f3817d9a33a3b6b8f2e15a96bc2e7afdc\\jakarta.xml.bind-api-4.0.4.jar;C:\\Users\\mirmi\\.gradle\\caches\\modules-2\\files-2.1\\net.minidev\\json-smart\\2.6.0\\5f858a43a325a8673da6869ab2bc787a1bcb2244\\json-smart-2.6.0.jar;C:\\Users\\mirmi\\.gradle\\caches\\modules-2\\files-2.1\\org.assertj\\assertj-core\\3.27.6\\8f34ccd6808899ad1d0aac6a770b73191f2f2a53\\assertj-core-3.27.6.jar;C:\\Users\\mirmi\\.gradle\\caches\\modules-2\\files-2.1\\org.awaitility\\awaitility\\4.3.0\\f0c0bc1e404e500bab3f498b922eaedeae1c0207\\awaitility-4.3.0.jar;C:\\Users\\mirmi\\.gradle\\caches\\modules-2\\files-2.1\\org.hamcrest\\hamcrest\\3.0\\8fd9b78a8e6a6510a078a9e30e9e86a6035cfaf7\\hamcrest-3.0.jar;C:\\Users\\mirmi\\.gradle\\caches\\modules-2\\files-2.1\\org.mockito\\mockito-core\\5.20.0\\a32f446f38acf636363c5693db6498047731b9e0\\mockito-core-5.20.0.jar;C:\\Users\\mirmi\\.gradle\\caches\\modules-2\\files-2.1\\org.skyscreamer\\jsonassert\\1.5.3\\aaa43e0823d2a0e106e8754d6a9c4ab24e05e9bc\\jsonassert-1.5.3.jar;C:\\Users\\mirmi\\.gradle\\caches\\modules-2\\files-2.1\\org.xmlunit\\xmlunit-core\\2.10.4\\eff1eddcdb52fdeaa7e28ca68301db49361d8bec\\xmlunit-core-2.10.4.jar;C:\\Users\\mirmi\\.gradle\\caches\\modules-2\\files-2.1\\org.opentest4j\\opentest4j\\1.3.0\\152ea56b3a72f655d4fd677fc0ef2596c3dd5e6e\\opentest4j-1.3.0.jar;C:\\Users\\mirmi\\.gradle\\caches\\modules-2\\files-2.1\\org.apache.tomcat.embed\\tomcat-embed-websocket\\11.0.15\\4c0eced7d97fe8404c722d5ff02757a05a6d5033\\tomcat-embed-websocket-11.0.15.jar;C:\\Users\\mirmi\\.gradle\\caches\\modules-2\\files-2.1\\org.apache.tomcat.embed\\tomcat-embed-core\\11.0.15\\aa20506537e3efa61afd6b57d79f9da6a55f37ae\\tomcat-embed-core-11.0.15.jar;C:\\Users\\mirmi\\.gradle\\caches\\modules-2\\files-2.1\\org.apache.tomcat.embed\\tomcat-embed-el\\11.0.15\\f20bc5f17baa18abeca76a640ad774d6f80a265b\\tomcat-embed-el-11.0.15.jar;C:\\Users\\mirmi\\.gradle\\caches\\modules-2\\files-2.1\\org.antlr\\antlr4-runtime\\4.13.2\\fc3db6d844df652a3d5db31c87fa12757f13691d\\antlr4-runtime-4.13.2.jar;C:\\Users\\mirmi\\.gradle\\caches\\modules-2\\files-2.1\\org.aspectj\\aspectjweaver\\1.9.25.1\\a713c790da4d794c7dfb542b550d4e44898d5e23\\aspectjweaver-1.9.25.1.jar;C:\\Users\\mirmi\\.gradle\\caches\\modules-2\\files-2.1\\io.netty\\netty-resolver-dns-native-macos\\4.2.9.Final\\e7c4589f704673269991f70e91935dce0c3e14e4\\netty-resolver-dns-native-macos-4.2.9.Final-osx-x86_64.jar;C:\\Users\\mirmi\\.gradle\\caches\\modules-2\\files-2.1\\io.netty\\netty-resolver-dns-classes-macos\\4.2.9.Final\\7c6711f240e3a592288a3640cf2146eb8155a81c\\netty-resolver-dns-classes-macos-4.2.9.Final.jar;C:\\Users\\mirmi\\.gradle\\caches\\modules-2\\files-2.1\\io.netty\\netty-resolver-dns\\4.2.9.Final\\565e7ff1266db445b6b1621b2f68015bf20b5406\\netty-resolver-dns-4.2.9.Final.jar;C:\\Users\\mirmi\\.gradle\\caches\\modules-2\\files-2.1\\io.netty\\netty-codec-http2\\4.2.9.Final\\d82683120b05d1c9c56a88e1daff07e4c0420537\\netty-codec-http2-4.2.9.Final.jar;C:\\Users\\mirmi\\.gradle\\caches\\modules-2\\files-2.1\\io.netty\\netty-codec-http3\\4.2.9.Final\\e8a593762196738c0265259e5728a275e2d8f1ea\\netty-codec-http3-4.2.9.Final.jar;C:\\Users\\mirmi\\.gradle\\caches\\modules-2\\files-2.1\\io.netty\\netty-handler-proxy\\4.2.9.Final\\3be91239e18159d66b647c8025629e13986236e4\\netty-handler-proxy-4.2.9.Final.jar;C:\\Users\\mirmi\\.gradle\\caches\\modules-2\\files-2.1\\io.netty\\netty-codec-http\\4.2.9.Final\\20077d54b08a1cf7d764b169946373dff2e9f9be\\netty-codec-http-4.2.9.Final.jar;C:\\Users\\mirmi\\.gradle\\caches\\modules-2\\files-2.1\\io.netty\\netty-codec-native-quic\\4.2.9.Final\\3f0ab9d43f00c8a02ba22702aff482f598863642\\netty-codec-native-quic-4.2.9.Final-linux-x86_64.jar;C:\\Users\\mirmi\\.gradle\\caches\\modules-2\\files-2.1\\io.netty\\netty-codec-native-quic\\4.2.9.Final\\87ce82aa487b3701a83312b748d2d311b58bbe68\\netty-codec-native-quic-4.2.9.Final-linux-aarch_64.jar;C:\\Users\\mirmi\\.gradle\\caches\\modules-2\\files-2.1\\io.netty\\netty-codec-native-quic\\4.2.9.Final\\53eee547f8731254084274d31b82171c51d509fa\\netty-codec-native-quic-4.2.9.Final-osx-x86_64.jar;C:\\Users\\mirmi\\.gradle\\caches\\modules-2\\files-2.1\\io.netty\\netty-codec-native-quic\\4.2.9.Final\\7725db063980a53420afbced5fb39dbd0eebbd8a\\netty-codec-native-quic-4.2.9.Final-osx-aarch_64.jar;C:\\Users\\mirmi\\.gradle\\caches\\modules-2\\files-2.1\\io.netty\\netty-codec-native-quic\\4.2.9.Final\\6873dd577760b80b345fa5ab7dfe589ed9c1bbc3\\netty-codec-native-quic-4.2.9.Final-windows-x86_64.jar;C:\\Users\\mirmi\\.gradle\\caches\\modules-2\\files-2.1\\io.netty\\netty-codec-classes-quic\\4.2.9.Final\\8b441d8465077c1ac1ed57bad3f087bc2a84e994\\netty-codec-classes-quic-4.2.9.Final.jar;C:\\Users\\mirmi\\.gradle\\caches\\modules-2\\files-2.1\\io.netty\\netty-handler\\4.2.9.Final\\f79da6a81f4390ed067301235e29705a7f774c5b\\netty-handler-4.2.9.Final.jar;C:\\Users\\mirmi\\.gradle\\caches\\modules-2\\files-2.1\\io.netty\\netty-transport-native-epoll\\4.2.9.Final\\345e9bc0118e2d0bb498d0fa10947a3295d30496\\netty-transport-native-epoll-4.2.9.Final-linux-x86_64.jar;C:\\Users\\mirmi\\.gradle\\caches\\modules-2\\files-2.1\\io.netty\\netty-transport-classes-epoll\\4.2.9.Final\\334ba203f5b5ac6372286d27115605431e5a37d3\\netty-transport-classes-epoll-4.2.9.Final.jar;C:\\Users\\mirmi\\.gradle\\caches\\modules-2\\files-2.1\\io.netty\\netty-transport-native-unix-common\\4.2.9.Final\\ff416b5aaac1fbfe625ee92deb08664e938aa00\\netty-transport-native-unix-common-4.2.9.Final.jar;C:\\Users\\mirmi\\.gradle\\caches\\modules-2\\files-2.1\\io.netty\\netty-codec-dns\\4.2.9.Final\\94e72675257d9dffa405f0e989de6acda962fed1\\netty-codec-dns-4.2.9.Final.jar;C:\\Users\\mirmi\\.gradle\\caches\\modules-2\\files-2.1\\io.netty\\netty-codec-compression\\4.2.9.Final\\d3d3c3c16110278d1dbf8a423e20a839523724cd\\netty-codec-compression-4.2.9.Final.jar;C:\\Users\\mirmi\\.gradle\\caches\\modules-2\\files-2.1\\io.netty\\netty-codec-socks\\4.2.9.Final\\95aeac38838c04094f30de6cc973c76c3270cfd3\\netty-codec-socks-4.2.9.Final.jar;C:\\Users\\mirmi\\.gradle\\caches\\modules-2\\files-2.1\\io.netty\\netty-codec-base\\4.2.9.Final\\1ecb17e188008c62aef9d03491f2fde6b06414bb\\netty-codec-base-4.2.9.Final.jar;C:\\Users\\mirmi\\.gradle\\caches\\modules-2\\files-2.1\\io.netty\\netty-transport\\4.2.9.Final\\b864fc8ec3d72b6e22af88f5408b6ad7e41980ec\\netty-transport-4.2.9.Final.jar;C:\\Users\\mirmi\\.gradle\\caches\\modules-2\\files-2.1\\io.netty\\netty-resolver\\4.2.9.Final\\faccff808e9166f1d689e054059b172cffc738ab\\netty-resolver-4.2.9.Final.jar;C:\\Users\\mirmi\\.gradle\\caches\\modules-2\\files-2.1\\io.netty\\netty-buffer\\4.2.9.Final\\d419abb1b035e1ab4dae22766c3ebf37343cc82b\\netty-buffer-4.2.9.Final.jar;C:\\Users\\mirmi\\.gradle\\caches\\modules-2\\files-2.1\\io.netty\\netty-common\\4.2.9.Final\\4429addd1a59cb52dde76102f61b3f696fd3b9c\\netty-common-4.2.9.Final.jar;C:\\Users\\mirmi\\.gradle\\caches\\modules-2\\files-2.1\\io.opentelemetry\\opentelemetry-common\\1.55.0\\a979f45396c5332f43b9198ebf3eb52f5451e83f\\opentelemetry-common-1.55.0.jar;C:\\Users\\mirmi\\.gradle\\caches\\modules-2\\files-2.1\\org.eclipse.angus\\angus-activation\\2.0.3\\7f80607ea5014fef0b1779e6c33d63a88a45a563\\angus-activation-2.0.3.jar;C:\\Users\\mirmi\\.gradle\\caches\\modules-2\\files-2.1\\jakarta.activation\\jakarta.activation-api\\2.1.4\\9e5c2a0d75dde71a0bedc4dbdbe47b78a5dc50f8\\jakarta.activation-api-2.1.4.jar;C:\\Users\\mirmi\\.gradle\\caches\\modules-2\\files-2.1\\net.minidev\\accessors-smart\\2.6.0\\2d96f1d9b6ab7f13261aa81b15703574185747a0\\accessors-smart-2.6.0.jar;C:\\Users\\mirmi\\.gradle\\caches\\modules-2\\files-2.1\\net.bytebuddy\\byte-buddy\\1.17.8\\af5735f63d00ca47a9375fae5c7471a36331c6ed\\byte-buddy-1.17.8.jar;C:\\Users\\mirmi\\.gradle\\caches\\modules-2\\files-2.1\\net.bytebuddy\\byte-buddy-agent\\1.17.8\\f09415827a71be7ed621c7bd02550678f28bc81c\\byte-buddy-agent-1.17.8.jar;C:\\Users\\mirmi\\.gradle\\caches\\modules-2\\files-2.1\\org.objenesis\\objenesis\\3.3\\1049c09f1de4331e8193e579448d0916d75b7631\\objenesis-3.3.jar;C:\\Users\\mirmi\\.gradle\\caches\\modules-2\\files-2.1\\com.vaadin.external.google\\android-json\\0.0.20131108.vaadin1\\fa26d351fe62a6a17f5cda1287c1c6110dec413f\\android-json-0.0.20131108.vaadin1.jar;C:\\Users\\mirmi\\.gradle\\caches\\modules-2\\files-2.1\\ch.qos.logback\\logback-core\\1.5.22\\7c3ee4420b36bd499fa4f9f18a81d54a64fe0218\\logback-core-1.5.22.jar;C:\\Users\\mirmi\\.gradle\\caches\\modules-2\\files-2.1\\org.apache.logging.log4j\\log4j-api\\2.25.3\\fb385330d89c2d61058ef649403f214633569205\\log4j-api-2.25.3.jar;C:\\Users\\mirmi\\.gradle\\caches\\modules-2\\files-2.1\\jakarta.persistence\\jakarta.persistence-api\\3.2.0\\bb75a113f3fa191c2c7ee7b206d8e674251b3129\\jakarta.persistence-api-3.2.0.jar;C:\\Users\\mirmi\\.gradle\\caches\\modules-2\\files-2.1\\jakarta.transaction\\jakarta.transaction-api\\2.0.1\\51a520e3fae406abb84e2e1148e6746ce3f80a1a\\jakarta.transaction-api-2.0.1.jar;C:\\Users\\mirmi\\.gradle\\caches\\modules-2\\files-2.1\\org.hibernate.models\\hibernate-models\\1.0.1\\3158c5f9309494b905de62c72f6f02d108aea651\\hibernate-models-1.0.1.jar;C:\\Users\\mirmi\\.gradle\\caches\\modules-2\\files-2.1\\org.hibernate.validator\\hibernate-validator\\9.0.1.Final\\28c0e41ecc84d1f0b8b6d81d16e0784e63364e68\\hibernate-validator-9.0.1.Final.jar;C:\\Users\\mirmi\\.gradle\\caches\\modules-2\\files-2.1\\org.jboss.logging\\jboss-logging\\3.6.1.Final\\886afbb445b4016a37c8960a7aef6ebd769ce7e5\\jboss-logging-3.6.1.Final.jar;C:\\Users\\mirmi\\.gradle\\caches\\modules-2\\files-2.1\\com.fasterxml\\classmate\\1.7.1\\e803194e4362a2c0585087c5f315682897d12f00\\classmate-1.7.1.jar;C:\\Users\\mirmi\\.gradle\\caches\\modules-2\\files-2.1\\jakarta.inject\\jakarta.inject-api\\2.0.1\\4c28afe1991a941d7702fe1362c365f0a8641d1e\\jakarta.inject-api-2.0.1.jar;C:\\Users\\mirmi\\.gradle\\caches\\modules-2\\files-2.1\\org.springframework.security\\spring-security-crypto\\7.0.2\\8cec3433f111e21d6349a9788a1efcf547b8db03\\spring-security-crypto-7.0.2.jar;C:\\Users\\mirmi\\.gradle\\caches\\modules-2\\files-2.1\\org.apache.commons\\commons-lang3\\3.19.0\\d6524b169a6574cd253760c472d419b47bfd37e6\\commons-lang3-3.19.0.jar;C:\\Users\\mirmi\\.gradle\\caches\\modules-2\\files-2.1\\io.swagger.core.v3\\swagger-annotations-jakarta\\2.2.38\\7628340f67c58a7ba9eb965a5b3f8f1d06f9df30\\swagger-annotations-jakarta-2.2.38.jar;C:\\Users\\mirmi\\.gradle\\caches\\modules-2\\files-2.1\\jakarta.validation\\jakarta.validation-api\\3.1.1\\ec8622148afc5564235d17af80ea80288d0e7f92\\jakarta.validation-api-3.1.1.jar;C:\\Users\\mirmi\\.gradle\\caches\\modules-2\\files-2.1\\org.ow2.asm\\asm\\9.7.1\\f0ed132a49244b042cd0e15702ab9f2ce3cc8436\\asm-9.7.1.jar;C:\\Users\\mirmi\\.gradle\\caches\\modules-2\\files-2.1\\org.glassfish.jaxb\\txw2\\4.0.6\\4f4cd53b5ff9a2c5aa1211f15ed2569c57dfb044\\txw2-4.0.6.jar;C:\\Users\\mirmi\\.gradle\\caches\\modules-2\\files-2.1\\com.sun.istack\\istack-commons-runtime\\4.1.2\\18ec117c85f3ba0ac65409136afa8e42bc74e739\\istack-commons-runtime-4.1.2.jar
Launcher Type: SUN_STANDARD

[Global flags]
     intx CICompilerCount                          = 3                                         {product} {ergonomic}
     uint ConcGCThreads                            = 2                                         {product} {ergonomic}
     uint G1ConcRefinementThreads                  = 6                                         {product} {ergonomic}
   size_t G1HeapRegionSize                         = 1048576                                   {product} {ergonomic}
    uintx GCDrainStackTargetSize                   = 64                                        {product} {ergonomic}
   size_t InitialHeapSize                          = 123731968                                 {product} {ergonomic}
   size_t MarkStackSize                            = 4194304                                   {product} {ergonomic}
   size_t MaxHeapSize                              = 536870912                                 {product} {command line}
   size_t MaxNewSize                               = 321912832                                 {product} {ergonomic}
   size_t MinHeapDeltaBytes                        = 1048576                                   {product} {ergonomic}
   size_t MinHeapSize                              = 8388608                                   {product} {ergonomic}
    uintx NonNMethodCodeHeapSize                   = 5832780                                {pd product} {ergonomic}
    uintx NonProfiledCodeHeapSize                  = 122912730                              {pd product} {ergonomic}
    uintx ProfiledCodeHeapSize                     = 122912730                              {pd product} {ergonomic}
    uintx ReservedCodeCacheSize                    = 251658240                              {pd product} {ergonomic}
     bool SegmentedCodeCache                       = true                                      {product} {ergonomic}
   size_t SoftMaxHeapSize                          = 536870912                              {manageable} {ergonomic}
     bool UseCompressedOops                        = true                           {product lp64_product} {ergonomic}
     bool UseG1GC                                  = true                                      {product} {ergonomic}
     bool UseLargePagesIndividualAllocation        = false                                  {pd product} {ergonomic}

Logging:
Log output configuration:
 #0: stdout all=warning uptime,level,tags foldmultilines=false
 #1: stderr all=off uptime,level,tags foldmultilines=false

Environment Variables:
JAVA_HOME=C:\Program Files\Java\jdk-21
PATH=C:\Program Files (x86)\NAT Service;%JAVA_HOME%\BIN;C:\Program Files\Common Files\Oracle\Java\javapath;C:\WINDOWS\system32;C:\WINDOWS;C:\WINDOWS\System32\Wbem;C:\WINDOWS\System32\WindowsPowerShell\v1.0\;C:\WINDOWS\System32\OpenSSH\;C:\Program Files\dotnet\;C:\Program Files\Git\cmd;C:\Program Files\cursor\resources\app\bin;C:\Program Files\Docker\Docker\resources\bin;C:\Program Files\nodejs\;C:\Users\mirmi\AppData\Local\Programs\Python\Launcher\;C:\Users\mirmi\AppData\Local\Programs\Microsoft VS Code\bin;C:\Program Files\JetBrains\IntelliJ IDEA Community Edition 2025.2\bin;C:\Users\mirmi\.lmstudio\bin;C:\Users\mirmi\AppData\Local\Programs\Python\Python313\Scripts;C:\Users\mirmi\AppData\Local\Programs\Python\Python313;C:\Users\mirmi\AppData\Roaming\npm
USERNAME=mirmi
OS=Windows_NT
PROCESSOR_IDENTIFIER=AMD64 Family 23 Model 96 Stepping 1, AuthenticAMD
TMP=C:\Users\mirmi\AppData\Local\Temp
TEMP=C:\Users\mirmi\AppData\Local\Temp




Periodic native trim disabled

---------------  S Y S T E M  ---------------

OS:
 Windows 11 , 64 bit Build 26100 (10.0.26100.7623)
OS uptime: 11 days 20:05 hours
Hyper-V role detected

CPU: total 6 (initial active 6) (6 cores per cpu, 1 threads per core) family 23 model 96 stepping 1 microcode 0x8600103, cx8, cmov, fxsr, mmx, 3dnowpref, sse, sse2, sse3, ssse3, sse4a, sse4.1, sse4.2, popcnt, lzcnt, tsc, tscinvbit, avx, avx2, aes, clmul, bmi1, bmi2, adx, sha, fma, vzeroupper, clflush, clflushopt, hv, rdtscp, rdpid, f16c
Processor Information for all 6 processors :
  Max Mhz: 2375, Current Mhz: 2375, Mhz Limit: 2375

Memory: 4k page, system-wide physical 7549M (1006M free)
TotalPageFile size 50944M (AvailPageFile size 5M)
current process WorkingSet (physical memory assigned to process): 335M, peak: 335M
current process commit charge ("private bytes"): 395M, peak: 397M

vm_info: Java HotSpot(TM) 64-Bit Server VM (21.0.8+12-LTS-250) for windows-amd64 JRE (21.0.8+12-LTS-250), built on 2025-06-27T08:11:22Z by "mach5one" with MS VC++ 17.6 (VS2022)

END.
